2024-04-13 10:16:40,501 - dist_train_voc_seg_neg.py - INFO: Pytorch version: 2.2.1+cu118
2024-04-13 10:16:42,029 - dist_train_voc_seg_neg.py - INFO: GPU type: NVIDIA RTX A6000
2024-04-13 10:16:42,030 - dist_train_voc_seg_neg.py - INFO: 
args: Namespace(aux_layer=-3, backbone='vit_base_patch16_224', backend='nccl', betas=(0.9, 0.999), bkg_thre=0.5, cam_scales=(1.0, 0.5, 1.5), ckpt_dir='work_dir_voc_wseg/2024-04-13-10-16-40-501167/checkpoints', crop_size=448, data_folder='/home/ttmdawn/fangjingyuan/data/VOC2012/', eval_iters=2000, high_thre=0.7, ignore_index=255, list_folder='./datasets/voc/', local_crop_size=96, local_rank=0, log_iters=200, low_thre=0.25, lr=6e-05, max_iters=20000, momentum=0.9, num_classes=21, num_workers=10, optimizer='PolyWarmupAdamW', pooling='gmp', power=0.9, pred_dir='work_dir_voc_wseg/2024-04-13-10-16-40-501167/predictions', pretrained=True, save_ckpt='True', scales=(0.5, 2), seed=0, spg=4, temp=0.5, train_set='train_aug', val_set='val', w_ctc=0.3, w_ptc=0.2, w_reg=0.05, w_seg=0.1, warmup_iters=1500, warmup_lr=1e-06, work_dir='work_dir_voc_wseg/2024-04-13-10-16-40-501167', wt_decay=0.01)
2024-04-13 10:16:42,036 - dist_train_voc_seg_neg.py - INFO: Total gpus: 1, samples per gpu: 4...
2024-04-13 10:16:43,074 - helpers.py - INFO: Loading pretrained weights from url (https://github.com/rwightman/pytorch-image-models/releases/download/v0.1-vitjx/jx_vit_base_p16_224-80ecf9dd.pth)
2024-04-13 10:16:43,772 - dist_train_voc_seg_neg.py - INFO: 
Optimizer: 
PolyWarmupAdamW (
Parameter Group 0
    amsgrad: False
    betas: (0.9, 0.999)
    capturable: False
    differentiable: False
    eps: 1e-08
    foreach: None
    fused: None
    lr: 6e-05
    maximize: False
    weight_decay: 0.01

Parameter Group 1
    amsgrad: False
    betas: (0.9, 0.999)
    capturable: False
    differentiable: False
    eps: 1e-08
    foreach: None
    fused: None
    lr: 6e-05
    maximize: False
    weight_decay: 0.01

Parameter Group 2
    amsgrad: False
    betas: (0.9, 0.999)
    capturable: False
    differentiable: False
    eps: 1e-08
    foreach: None
    fused: None
    lr: 0.0006000000000000001
    maximize: False
    weight_decay: 0.01

Parameter Group 3
    amsgrad: False
    betas: (0.9, 0.999)
    capturable: False
    differentiable: False
    eps: 1e-08
    foreach: None
    fused: None
    lr: 0.0006000000000000001
    maximize: False
    weight_decay: 0.01
)
2024-04-13 10:21:17,889 - dist_train_voc_seg_neg.py - INFO: Iter: 200; Elasped: 0:04:35; ETA: 7:33:45; LR: 7.960e-06; cls_loss: 0.4111, cls_loss_aux: 6.0892, csc_loss: 0.6235, gmc_loss: 1.5604, luc_loss: 0.1136, seg_loss: nan...
2024-04-13 10:25:50,351 - dist_train_voc_seg_neg.py - INFO: Iter: 400; Elasped: 0:09:08; ETA: 7:27:32; LR: 1.596e-05; cls_loss: 0.1963, cls_loss_aux: 0.8219, csc_loss: 0.6155, gmc_loss: 0.7479, luc_loss: 0.1108, seg_loss: 3.0656...
2024-04-13 10:30:22,119 - dist_train_voc_seg_neg.py - INFO: Iter: 600; Elasped: 0:13:40; ETA: 7:21:53; LR: 2.396e-05; cls_loss: 0.1604, cls_loss_aux: 0.3663, csc_loss: 0.5608, gmc_loss: 0.2828, luc_loss: 0.1014, seg_loss: 3.0661...
2024-04-13 10:34:53,182 - dist_train_voc_seg_neg.py - INFO: Iter: 800; Elasped: 0:18:11; ETA: 7:16:24; LR: 3.196e-05; cls_loss: 0.1408, cls_loss_aux: 0.2493, csc_loss: 0.4794, gmc_loss: 0.1134, luc_loss: 0.1054, seg_loss: 3.0598...
2024-04-13 10:39:23,995 - dist_train_voc_seg_neg.py - INFO: Iter: 1000; Elasped: 0:22:41; ETA: 7:10:59; LR: 3.996e-05; cls_loss: 0.1253, cls_loss_aux: 0.2399, csc_loss: 0.4594, gmc_loss: 0.0548, luc_loss: 0.1155, seg_loss: 3.0621...
2024-04-13 10:43:54,995 - dist_train_voc_seg_neg.py - INFO: Iter: 1200; Elasped: 0:27:12; ETA: 7:06:08; LR: 4.796e-05; cls_loss: 0.1124, cls_loss_aux: 0.2105, csc_loss: 0.4275, gmc_loss: 0.0356, luc_loss: 0.1138, seg_loss: 3.0608...
2024-04-13 10:48:26,366 - dist_train_voc_seg_neg.py - INFO: Iter: 1400; Elasped: 0:31:44; ETA: 7:01:36; LR: 5.596e-05; cls_loss: 0.1029, cls_loss_aux: 0.1883, csc_loss: 0.3381, gmc_loss: 0.0161, luc_loss: 0.1054, seg_loss: 3.0656...
2024-04-13 10:52:57,922 - dist_train_voc_seg_neg.py - INFO: Iter: 1600; Elasped: 0:36:15; ETA: 6:56:52; LR: 5.566e-05; cls_loss: 0.0975, cls_loss_aux: 0.1662, csc_loss: 0.2729, gmc_loss: 0.0181, luc_loss: 0.1142, seg_loss: 3.0634...
2024-04-13 10:57:29,852 - dist_train_voc_seg_neg.py - INFO: Iter: 1800; Elasped: 0:40:47; ETA: 6:52:21; LR: 5.512e-05; cls_loss: 0.1029, cls_loss_aux: 0.1732, csc_loss: 0.2343, gmc_loss: 0.0136, luc_loss: 0.1146, seg_loss: 3.0637...
2024-04-13 11:02:01,274 - dist_train_voc_seg_neg.py - INFO: Iter: 2000; Elasped: 0:45:19; ETA: 6:47:51; LR: 5.457e-05; cls_loss: 0.0883, cls_loss_aux: 0.1464, csc_loss: 0.1987, gmc_loss: 0.0061, luc_loss: 0.1198, seg_loss: 3.0636...
2024-04-13 11:02:01,274 - dist_train_voc_seg_neg.py - INFO: Validating...
2024-04-13 11:07:14,503 - dist_train_voc_seg_neg.py - INFO: val cls score: 0.892543
2024-04-13 11:07:14,504 - dist_train_voc_seg_neg.py - INFO: 
+--------------+--------+---------+----------+
|    Class     |  CAM   | aux_CAM | Seg_Pred |
+==============+========+=========+==========+
| _background_ | 87.787 | 84.124  | 0.039    |
+--------------+--------+---------+----------+
| aeroplane    | 60.202 | 59.166  | 2.280    |
+--------------+--------+---------+----------+
| bicycle      | 37.160 | 39.763  | 0.183    |
+--------------+--------+---------+----------+
| bird         | 68.261 | 62.828  | 0.130    |
+--------------+--------+---------+----------+
| boat         | 49.555 | 29.979  | 0.680    |
+--------------+--------+---------+----------+
| bottle       | 46.823 | 36.091  | 0        |
+--------------+--------+---------+----------+
| bus          | 85.723 | 78.313  | 0        |
+--------------+--------+---------+----------+
| car          | 69.894 | 46.353  | 0        |
+--------------+--------+---------+----------+
| cat          | 86.684 | 77.246  | 0.020    |
+--------------+--------+---------+----------+
| chair        | 41.160 | 29.268  | 0.018    |
+--------------+--------+---------+----------+
| cow          | 81.196 | 66.880  | 0.615    |
+--------------+--------+---------+----------+
| diningtable  | 56.041 | 51.972  | 0.438    |
+--------------+--------+---------+----------+
| dog          | 83.102 | 77.871  | 1.499    |
+--------------+--------+---------+----------+
| horse        | 80.614 | 76.321  | 0        |
+--------------+--------+---------+----------+
| motorbike    | 69.387 | 72.486  | 0.003    |
+--------------+--------+---------+----------+
| person       | 74.935 | 72.543  | 0.233    |
+--------------+--------+---------+----------+
| pottedplant  | 50.081 | 43.083  | 0.000    |
+--------------+--------+---------+----------+
| sheep        | 78.126 | 76.577  | 0.547    |
+--------------+--------+---------+----------+
| sofa         | 58.403 | 66.448  | 0.002    |
+--------------+--------+---------+----------+
| train        | 63.961 | 59.691  | 1.106    |
+--------------+--------+---------+----------+
| tvmonitor    | 39.134 | 36.093  | 0.004    |
+--------------+--------+---------+----------+
| mIoU         | 65.154 | 59.195  | 0.371    |
+--------------+--------+---------+----------+
2024-04-13 11:11:44,402 - dist_train_voc_seg_neg.py - INFO: Iter: 2200; Elasped: 0:55:02; ETA: 7:25:16; LR: 5.403e-05; cls_loss: 0.0884, cls_loss_aux: 0.1471, csc_loss: 0.1841, gmc_loss: 0.0096, luc_loss: 0.1214, seg_loss: 0.9828...
2024-04-13 11:16:14,157 - dist_train_voc_seg_neg.py - INFO: Iter: 2400; Elasped: 0:59:32; ETA: 7:16:34; LR: 5.348e-05; cls_loss: 0.0876, cls_loss_aux: 0.1471, csc_loss: 0.1703, gmc_loss: 0.0036, luc_loss: 0.1090, seg_loss: 0.3573...
2024-04-13 11:20:43,688 - dist_train_voc_seg_neg.py - INFO: Iter: 2600; Elasped: 1:04:01; ETA: 7:08:25; LR: 5.293e-05; cls_loss: 0.0955, cls_loss_aux: 0.1506, csc_loss: 0.1524, gmc_loss: 0.0235, luc_loss: 0.1148, seg_loss: 0.2867...
2024-04-13 11:25:14,150 - dist_train_voc_seg_neg.py - INFO: Iter: 2800; Elasped: 1:08:32; ETA: 7:00:59; LR: 5.239e-05; cls_loss: 0.0831, cls_loss_aux: 0.1258, csc_loss: 0.1483, gmc_loss: 0.0195, luc_loss: 0.1151, seg_loss: 0.2047...
2024-04-13 11:29:42,976 - dist_train_voc_seg_neg.py - INFO: Iter: 3000; Elasped: 1:13:00; ETA: 6:53:40; LR: 5.184e-05; cls_loss: 0.0863, cls_loss_aux: 0.1310, csc_loss: 0.1426, gmc_loss: 0.0027, luc_loss: 0.1097, seg_loss: 0.1799...
2024-04-13 11:34:11,664 - dist_train_voc_seg_neg.py - INFO: Iter: 3200; Elasped: 1:17:29; ETA: 6:46:47; LR: 5.129e-05; cls_loss: 0.0877, cls_loss_aux: 0.1394, csc_loss: 0.1378, gmc_loss: 0.0133, luc_loss: 0.1146, seg_loss: 0.1944...
2024-04-13 11:38:39,958 - dist_train_voc_seg_neg.py - INFO: Iter: 3400; Elasped: 1:21:57; ETA: 6:40:06; LR: 5.074e-05; cls_loss: 0.0872, cls_loss_aux: 0.1387, csc_loss: 0.1299, gmc_loss: 0.0028, luc_loss: 0.1187, seg_loss: 0.2181...
2024-04-13 11:43:08,271 - dist_train_voc_seg_neg.py - INFO: Iter: 3600; Elasped: 1:26:26; ETA: 6:33:45; LR: 5.019e-05; cls_loss: 0.0788, cls_loss_aux: 0.1209, csc_loss: 0.1207, gmc_loss: 0.0030, luc_loss: 0.1097, seg_loss: 0.1869...
2024-04-13 11:47:36,511 - dist_train_voc_seg_neg.py - INFO: Iter: 3800; Elasped: 1:30:54; ETA: 6:27:31; LR: 4.964e-05; cls_loss: 0.0715, cls_loss_aux: 0.1067, csc_loss: 0.1219, gmc_loss: 0.0020, luc_loss: 0.1075, seg_loss: 0.1618...
2024-04-13 11:52:04,950 - dist_train_voc_seg_neg.py - INFO: Iter: 4000; Elasped: 1:35:22; ETA: 6:21:28; LR: 4.909e-05; cls_loss: 0.0822, cls_loss_aux: 0.1164, csc_loss: 0.1310, gmc_loss: 0.0023, luc_loss: 0.1049, seg_loss: 0.1591...
2024-04-13 11:52:04,950 - dist_train_voc_seg_neg.py - INFO: Validating...
2024-04-13 11:57:18,399 - dist_train_voc_seg_neg.py - INFO: val cls score: 0.897751
2024-04-13 11:57:18,400 - dist_train_voc_seg_neg.py - INFO: 
+--------------+--------+---------+----------+
|    Class     |  CAM   | aux_CAM | Seg_Pred |
+==============+========+=========+==========+
| _background_ | 89.476 | 88.418  | 88.538   |
+--------------+--------+---------+----------+
| aeroplane    | 75.652 | 77.218  | 74.814   |
+--------------+--------+---------+----------+
| bicycle      | 47.482 | 48.421  | 38.130   |
+--------------+--------+---------+----------+
| bird         | 82.453 | 83.834  | 81.936   |
+--------------+--------+---------+----------+
| boat         | 48.784 | 46.925  | 45.582   |
+--------------+--------+---------+----------+
| bottle       | 67.600 | 62.807  | 65.958   |
+--------------+--------+---------+----------+
| bus          | 86.500 | 79.249  | 82.908   |
+--------------+--------+---------+----------+
| car          | 80.477 | 67.466  | 76.315   |
+--------------+--------+---------+----------+
| cat          | 84.475 | 72.021  | 83.592   |
+--------------+--------+---------+----------+
| chair        | 40.346 | 34.426  | 16.207   |
+--------------+--------+---------+----------+
| cow          | 86.713 | 82.335  | 80.516   |
+--------------+--------+---------+----------+
| diningtable  | 52.946 | 48.717  | 49.574   |
+--------------+--------+---------+----------+
| dog          | 81.467 | 70.500  | 77.665   |
+--------------+--------+---------+----------+
| horse        | 85.870 | 76.906  | 78.607   |
+--------------+--------+---------+----------+
| motorbike    | 76.035 | 76.847  | 69.180   |
+--------------+--------+---------+----------+
| person       | 80.431 | 76.678  | 77.873   |
+--------------+--------+---------+----------+
| pottedplant  | 55.332 | 50.140  | 44.152   |
+--------------+--------+---------+----------+
| sheep        | 87.458 | 79.479  | 82.080   |
+--------------+--------+---------+----------+
| sofa         | 53.774 | 69.029  | 39.537   |
+--------------+--------+---------+----------+
| train        | 58.102 | 64.354  | 51.965   |
+--------------+--------+---------+----------+
| tvmonitor    | 40.792 | 43.856  | 39.353   |
+--------------+--------+---------+----------+
| mIoU         | 69.627 | 66.649  | 64.023   |
+--------------+--------+---------+----------+
2024-04-13 12:01:47,056 - dist_train_voc_seg_neg.py - INFO: Iter: 4200; Elasped: 1:45:05; ETA: 6:35:18; LR: 4.853e-05; cls_loss: 0.0812, cls_loss_aux: 0.1181, csc_loss: 0.1018, gmc_loss: 0.0204, luc_loss: 0.1069, seg_loss: 0.1310...
2024-04-13 12:06:16,019 - dist_train_voc_seg_neg.py - INFO: Iter: 4400; Elasped: 1:49:34; ETA: 6:28:27; LR: 4.798e-05; cls_loss: 0.1228, cls_loss_aux: 0.1902, csc_loss: 0.1670, gmc_loss: 0.3520, luc_loss: 0.1022, seg_loss: 0.4039...
2024-04-13 12:10:45,333 - dist_train_voc_seg_neg.py - INFO: Iter: 4600; Elasped: 1:54:03; ETA: 6:21:49; LR: 4.743e-05; cls_loss: 0.1322, cls_loss_aux: 0.2207, csc_loss: 0.1607, gmc_loss: 0.0344, luc_loss: 0.1172, seg_loss: 0.3377...
2024-04-13 12:15:14,265 - dist_train_voc_seg_neg.py - INFO: Iter: 4800; Elasped: 1:58:32; ETA: 6:15:21; LR: 4.687e-05; cls_loss: 0.0986, cls_loss_aux: 0.1443, csc_loss: 0.1324, gmc_loss: 0.0216, luc_loss: 0.1169, seg_loss: 0.2252...
2024-04-13 12:19:42,655 - dist_train_voc_seg_neg.py - INFO: Iter: 5000; Elasped: 2:03:00; ETA: 6:09:00; LR: 4.632e-05; cls_loss: 0.0931, cls_loss_aux: 0.1305, csc_loss: 0.1292, gmc_loss: 0.0183, luc_loss: 0.1151, seg_loss: 0.2176...
2024-04-13 12:24:10,975 - dist_train_voc_seg_neg.py - INFO: Iter: 5200; Elasped: 2:07:28; ETA: 6:02:47; LR: 4.576e-05; cls_loss: 0.0800, cls_loss_aux: 0.1123, csc_loss: 0.1266, gmc_loss: 0.0066, luc_loss: 0.1208, seg_loss: 0.1387...
2024-04-13 12:28:40,586 - dist_train_voc_seg_neg.py - INFO: Iter: 5400; Elasped: 2:11:58; ETA: 5:56:47; LR: 4.520e-05; cls_loss: 0.0789, cls_loss_aux: 0.1131, csc_loss: 0.1049, gmc_loss: 0.0043, luc_loss: 0.1181, seg_loss: 0.1579...
2024-04-13 12:33:09,177 - dist_train_voc_seg_neg.py - INFO: Iter: 5600; Elasped: 2:16:27; ETA: 5:50:52; LR: 4.465e-05; cls_loss: 0.0769, cls_loss_aux: 0.1041, csc_loss: 0.1279, gmc_loss: 0.0127, luc_loss: 0.1173, seg_loss: 0.1253...
2024-04-13 12:37:38,177 - dist_train_voc_seg_neg.py - INFO: Iter: 5800; Elasped: 2:20:56; ETA: 5:45:02; LR: 4.409e-05; cls_loss: 0.0692, cls_loss_aux: 0.0920, csc_loss: 0.1210, gmc_loss: 0.0081, luc_loss: 0.1113, seg_loss: 0.1293...
2024-04-13 12:42:07,510 - dist_train_voc_seg_neg.py - INFO: Iter: 6000; Elasped: 2:25:25; ETA: 5:39:18; LR: 4.353e-05; cls_loss: 0.0760, cls_loss_aux: 0.0960, csc_loss: 0.0963, gmc_loss: 0.0031, luc_loss: 0.1119, seg_loss: 0.1113...
2024-04-13 12:42:07,510 - dist_train_voc_seg_neg.py - INFO: Validating...
2024-04-13 12:47:21,247 - dist_train_voc_seg_neg.py - INFO: val cls score: 0.902270
2024-04-13 12:47:21,247 - dist_train_voc_seg_neg.py - INFO: 
+--------------+--------+---------+----------+
|    Class     |  CAM   | aux_CAM | Seg_Pred |
+==============+========+=========+==========+
| _background_ | 90.037 | 88.459  | 88.870   |
+--------------+--------+---------+----------+
| aeroplane    | 79.889 | 77.320  | 77.654   |
+--------------+--------+---------+----------+
| bicycle      | 45.218 | 43.099  | 39.859   |
+--------------+--------+---------+----------+
| bird         | 85.192 | 80.989  | 84.811   |
+--------------+--------+---------+----------+
| boat         | 58.506 | 57.770  | 56.154   |
+--------------+--------+---------+----------+
| bottle       | 68.175 | 68.537  | 66.664   |
+--------------+--------+---------+----------+
| bus          | 85.125 | 80.117  | 83.206   |
+--------------+--------+---------+----------+
| car          | 82.645 | 66.112  | 78.020   |
+--------------+--------+---------+----------+
| cat          | 84.241 | 77.671  | 80.931   |
+--------------+--------+---------+----------+
| chair        | 45.888 | 40.916  | 37.094   |
+--------------+--------+---------+----------+
| cow          | 83.263 | 75.118  | 73.380   |
+--------------+--------+---------+----------+
| diningtable  | 52.276 | 52.735  | 48.194   |
+--------------+--------+---------+----------+
| dog          | 79.556 | 72.871  | 75.674   |
+--------------+--------+---------+----------+
| horse        | 86.409 | 81.524  | 71.567   |
+--------------+--------+---------+----------+
| motorbike    | 77.353 | 78.044  | 69.069   |
+--------------+--------+---------+----------+
| person       | 76.552 | 73.624  | 74.984   |
+--------------+--------+---------+----------+
| pottedplant  | 60.845 | 58.056  | 46.476   |
+--------------+--------+---------+----------+
| sheep        | 85.556 | 74.672  | 83.935   |
+--------------+--------+---------+----------+
| sofa         | 53.348 | 62.662  | 38.944   |
+--------------+--------+---------+----------+
| train        | 59.554 | 60.984  | 56.920   |
+--------------+--------+---------+----------+
| tvmonitor    | 45.244 | 51.108  | 41.743   |
+--------------+--------+---------+----------+
| mIoU         | 70.708 | 67.733  | 65.436   |
+--------------+--------+---------+----------+
2024-04-13 12:51:50,684 - dist_train_voc_seg_neg.py - INFO: Iter: 6200; Elasped: 2:35:08; ETA: 5:45:17; LR: 4.297e-05; cls_loss: 0.0780, cls_loss_aux: 0.1022, csc_loss: 0.1096, gmc_loss: 0.0020, luc_loss: 0.1130, seg_loss: 0.1324...
2024-04-13 12:56:19,398 - dist_train_voc_seg_neg.py - INFO: Iter: 6400; Elasped: 2:39:37; ETA: 5:39:11; LR: 4.241e-05; cls_loss: 0.0636, cls_loss_aux: 0.0836, csc_loss: 0.1077, gmc_loss: 0.0025, luc_loss: 0.1058, seg_loss: 0.1268...
2024-04-13 13:00:49,291 - dist_train_voc_seg_neg.py - INFO: Iter: 6600; Elasped: 2:44:07; ETA: 5:33:12; LR: 4.185e-05; cls_loss: 0.0674, cls_loss_aux: 0.0994, csc_loss: 0.1042, gmc_loss: 0.0022, luc_loss: 0.1023, seg_loss: 0.1212...
2024-04-13 13:05:18,840 - dist_train_voc_seg_neg.py - INFO: Iter: 6800; Elasped: 2:48:36; ETA: 5:27:16; LR: 4.128e-05; cls_loss: 0.0678, cls_loss_aux: 0.0882, csc_loss: 0.1080, gmc_loss: 0.0022, luc_loss: 0.1097, seg_loss: 0.1307...
2024-04-13 13:09:48,524 - dist_train_voc_seg_neg.py - INFO: Iter: 7000; Elasped: 2:53:06; ETA: 5:21:28; LR: 4.072e-05; cls_loss: 0.0713, cls_loss_aux: 0.0967, csc_loss: 0.0925, gmc_loss: 0.0021, luc_loss: 0.1079, seg_loss: 0.1441...
2024-04-13 13:14:18,467 - dist_train_voc_seg_neg.py - INFO: Iter: 7200; Elasped: 2:57:36; ETA: 5:15:44; LR: 4.016e-05; cls_loss: 0.0676, cls_loss_aux: 0.0880, csc_loss: 0.0969, gmc_loss: 0.0020, luc_loss: 0.1036, seg_loss: 0.1260...
2024-04-13 13:18:47,246 - dist_train_voc_seg_neg.py - INFO: Iter: 7400; Elasped: 3:02:05; ETA: 5:10:02; LR: 3.959e-05; cls_loss: 0.0667, cls_loss_aux: 0.0829, csc_loss: 0.0956, gmc_loss: 0.0018, luc_loss: 0.1079, seg_loss: 0.1244...
2024-04-13 13:23:16,538 - dist_train_voc_seg_neg.py - INFO: Iter: 7600; Elasped: 3:06:34; ETA: 5:04:23; LR: 3.902e-05; cls_loss: 0.0669, cls_loss_aux: 0.0831, csc_loss: 0.0878, gmc_loss: 0.0132, luc_loss: 0.1082, seg_loss: 0.1141...
2024-04-13 13:27:46,324 - dist_train_voc_seg_neg.py - INFO: Iter: 7800; Elasped: 3:11:04; ETA: 4:58:50; LR: 3.846e-05; cls_loss: 0.0675, cls_loss_aux: 0.0893, csc_loss: 0.0996, gmc_loss: 0.0026, luc_loss: 0.1096, seg_loss: 0.1305...
2024-04-13 13:32:16,898 - dist_train_voc_seg_neg.py - INFO: Iter: 8000; Elasped: 3:15:34; ETA: 4:53:21; LR: 3.789e-05; cls_loss: 0.0679, cls_loss_aux: 0.0885, csc_loss: 0.0976, gmc_loss: 0.0032, luc_loss: 0.1132, seg_loss: 0.1100...
2024-04-13 13:32:16,899 - dist_train_voc_seg_neg.py - INFO: Validating...
2024-04-13 13:37:31,219 - dist_train_voc_seg_neg.py - INFO: val cls score: 0.901913
2024-04-13 13:37:31,219 - dist_train_voc_seg_neg.py - INFO: 
+--------------+--------+---------+----------+
|    Class     |  CAM   | aux_CAM | Seg_Pred |
+==============+========+=========+==========+
| _background_ | 89.952 | 88.374  | 89.233   |
+--------------+--------+---------+----------+
| aeroplane    | 80.338 | 79.650  | 80.401   |
+--------------+--------+---------+----------+
| bicycle      | 44.991 | 41.629  | 38.183   |
+--------------+--------+---------+----------+
| bird         | 81.516 | 81.906  | 82.512   |
+--------------+--------+---------+----------+
| boat         | 53.173 | 59.590  | 52.687   |
+--------------+--------+---------+----------+
| bottle       | 72.521 | 59.533  | 69.709   |
+--------------+--------+---------+----------+
| bus          | 84.393 | 72.546  | 82.451   |
+--------------+--------+---------+----------+
| car          | 83.496 | 64.516  | 80.703   |
+--------------+--------+---------+----------+
| cat          | 87.898 | 79.513  | 85.673   |
+--------------+--------+---------+----------+
| chair        | 47.146 | 33.174  | 37.884   |
+--------------+--------+---------+----------+
| cow          | 88.262 | 83.003  | 82.470   |
+--------------+--------+---------+----------+
| diningtable  | 48.160 | 52.492  | 36.809   |
+--------------+--------+---------+----------+
| dog          | 86.043 | 80.463  | 81.931   |
+--------------+--------+---------+----------+
| horse        | 85.144 | 77.829  | 79.586   |
+--------------+--------+---------+----------+
| motorbike    | 76.432 | 75.456  | 72.369   |
+--------------+--------+---------+----------+
| person       | 82.784 | 76.404  | 80.478   |
+--------------+--------+---------+----------+
| pottedplant  | 65.050 | 51.379  | 56.578   |
+--------------+--------+---------+----------+
| sheep        | 87.880 | 82.697  | 84.169   |
+--------------+--------+---------+----------+
| sofa         | 60.347 | 70.232  | 49.756   |
+--------------+--------+---------+----------+
| train        | 56.727 | 61.187  | 53.526   |
+--------------+--------+---------+----------+
| tvmonitor    | 40.001 | 50.291  | 35.005   |
+--------------+--------+---------+----------+
| mIoU         | 71.536 | 67.708  | 67.243   |
+--------------+--------+---------+----------+
2024-04-13 13:42:00,952 - dist_train_voc_seg_neg.py - INFO: Iter: 8200; Elasped: 3:25:18; ETA: 4:55:25; LR: 3.732e-05; cls_loss: 0.0648, cls_loss_aux: 0.0778, csc_loss: 0.1020, gmc_loss: 0.0043, luc_loss: 0.1044, seg_loss: 0.1085...
2024-04-13 13:46:30,867 - dist_train_voc_seg_neg.py - INFO: Iter: 8400; Elasped: 3:29:48; ETA: 4:49:43; LR: 3.675e-05; cls_loss: 0.0630, cls_loss_aux: 0.0773, csc_loss: 0.0983, gmc_loss: 0.0113, luc_loss: 0.1030, seg_loss: 0.1019...
2024-04-13 13:51:00,861 - dist_train_voc_seg_neg.py - INFO: Iter: 8600; Elasped: 3:34:18; ETA: 4:44:04; LR: 3.618e-05; cls_loss: 0.0615, cls_loss_aux: 0.0735, csc_loss: 0.0997, gmc_loss: 0.0098, luc_loss: 0.1061, seg_loss: 0.1016...
2024-04-13 13:56:12,918 - dist_train_voc_seg_neg.py - INFO: Iter: 8800; Elasped: 3:39:30; ETA: 4:39:21; LR: 3.561e-05; cls_loss: 0.0619, cls_loss_aux: 0.0765, csc_loss: 0.0955, gmc_loss: 0.0021, luc_loss: 0.1066, seg_loss: 0.0983...
2024-04-13 14:04:13,495 - dist_train_voc_seg_neg.py - INFO: Iter: 9000; Elasped: 3:47:31; ETA: 4:38:04; LR: 3.504e-05; cls_loss: 0.0640, cls_loss_aux: 0.0782, csc_loss: 0.0977, gmc_loss: 0.0047, luc_loss: 0.1040, seg_loss: 0.1157...
2024-04-13 14:12:14,270 - dist_train_voc_seg_neg.py - INFO: Iter: 9200; Elasped: 3:55:32; ETA: 4:36:29; LR: 3.446e-05; cls_loss: 0.0617, cls_loss_aux: 0.0744, csc_loss: 0.0846, gmc_loss: 0.0019, luc_loss: 0.1074, seg_loss: 0.1182...
2024-04-13 14:20:16,077 - dist_train_voc_seg_neg.py - INFO: Iter: 9400; Elasped: 4:03:34; ETA: 4:34:39; LR: 3.389e-05; cls_loss: 0.0540, cls_loss_aux: 0.0659, csc_loss: 0.0831, gmc_loss: 0.0109, luc_loss: 0.1013, seg_loss: 0.0883...
2024-04-13 14:28:39,183 - dist_train_voc_seg_neg.py - INFO: Iter: 9600; Elasped: 4:11:57; ETA: 4:32:56; LR: 3.331e-05; cls_loss: 0.0630, cls_loss_aux: 0.0780, csc_loss: 0.0907, gmc_loss: 0.0025, luc_loss: 0.0959, seg_loss: 0.1099...
2024-04-13 14:36:42,470 - dist_train_voc_seg_neg.py - INFO: Iter: 9800; Elasped: 4:20:00; ETA: 4:30:36; LR: 3.273e-05; cls_loss: 0.0657, cls_loss_aux: 0.0781, csc_loss: 0.1062, gmc_loss: 0.0018, luc_loss: 0.1053, seg_loss: 0.1082...
2024-04-13 14:44:45,635 - dist_train_voc_seg_neg.py - INFO: Iter: 10000; Elasped: 4:28:03; ETA: 4:28:03; LR: 3.216e-05; cls_loss: 0.0603, cls_loss_aux: 0.0734, csc_loss: 0.0843, gmc_loss: 0.0018, luc_loss: 0.1014, seg_loss: 0.1260...
2024-04-13 14:44:45,636 - dist_train_voc_seg_neg.py - INFO: Validating...
2024-04-13 14:53:57,462 - dist_train_voc_seg_neg.py - INFO: val cls score: 0.898418
2024-04-13 14:53:57,463 - dist_train_voc_seg_neg.py - INFO: 
+--------------+--------+---------+----------+
|    Class     |  CAM   | aux_CAM | Seg_Pred |
+==============+========+=========+==========+
| _background_ | 90.827 | 88.846  | 90.003   |
+--------------+--------+---------+----------+
| aeroplane    | 79.951 | 80.777  | 78.225   |
+--------------+--------+---------+----------+
| bicycle      | 41.551 | 39.373  | 37.268   |
+--------------+--------+---------+----------+
| bird         | 83.051 | 80.770  | 85.488   |
+--------------+--------+---------+----------+
| boat         | 62.786 | 65.264  | 62.643   |
+--------------+--------+---------+----------+
| bottle       | 75.421 | 64.779  | 72.987   |
+--------------+--------+---------+----------+
| bus          | 85.769 | 79.378  | 83.011   |
+--------------+--------+---------+----------+
| car          | 79.888 | 62.304  | 78.660   |
+--------------+--------+---------+----------+
| cat          | 88.522 | 79.676  | 86.345   |
+--------------+--------+---------+----------+
| chair        | 49.211 | 35.599  | 36.327   |
+--------------+--------+---------+----------+
| cow          | 84.804 | 67.220  | 49.182   |
+--------------+--------+---------+----------+
| diningtable  | 46.518 | 52.460  | 39.551   |
+--------------+--------+---------+----------+
| dog          | 86.769 | 83.993  | 82.280   |
+--------------+--------+---------+----------+
| horse        | 86.196 | 84.721  | 60.013   |
+--------------+--------+---------+----------+
| motorbike    | 75.355 | 75.035  | 70.363   |
+--------------+--------+---------+----------+
| person       | 81.261 | 77.178  | 78.412   |
+--------------+--------+---------+----------+
| pottedplant  | 50.899 | 42.937  | 34.826   |
+--------------+--------+---------+----------+
| sheep        | 89.374 | 82.644  | 86.528   |
+--------------+--------+---------+----------+
| sofa         | 60.984 | 68.827  | 51.661   |
+--------------+--------+---------+----------+
| train        | 61.483 | 64.026  | 57.128   |
+--------------+--------+---------+----------+
| tvmonitor    | 50.300 | 53.033  | 45.554   |
+--------------+--------+---------+----------+
| mIoU         | 71.949 | 68.040  | 65.069   |
+--------------+--------+---------+----------+
2024-04-13 15:02:22,354 - dist_train_voc_seg_neg.py - INFO: Iter: 10200; Elasped: 4:45:40; ETA: 4:34:27; LR: 3.158e-05; cls_loss: 0.0576, cls_loss_aux: 0.0670, csc_loss: 0.0833, gmc_loss: 0.0104, luc_loss: 0.0961, seg_loss: 0.1172...
2024-04-13 15:10:26,608 - dist_train_voc_seg_neg.py - INFO: Iter: 10400; Elasped: 4:53:44; ETA: 4:31:08; LR: 3.100e-05; cls_loss: 0.0624, cls_loss_aux: 0.0746, csc_loss: 0.0983, gmc_loss: 0.0098, luc_loss: 0.1012, seg_loss: 0.1131...
2024-04-13 15:18:31,660 - dist_train_voc_seg_neg.py - INFO: Iter: 10600; Elasped: 5:01:49; ETA: 4:27:38; LR: 3.041e-05; cls_loss: 0.0654, cls_loss_aux: 0.0764, csc_loss: 0.0964, gmc_loss: 0.0133, luc_loss: 0.0988, seg_loss: 0.0945...
2024-04-13 15:26:36,891 - dist_train_voc_seg_neg.py - INFO: Iter: 10800; Elasped: 5:09:54; ETA: 4:23:59; LR: 2.983e-05; cls_loss: 0.0541, cls_loss_aux: 0.0602, csc_loss: 0.0644, gmc_loss: 0.0022, luc_loss: 0.0970, seg_loss: 0.0983...
2024-04-13 15:35:01,235 - dist_train_voc_seg_neg.py - INFO: Iter: 11000; Elasped: 5:18:19; ETA: 4:20:26; LR: 2.925e-05; cls_loss: 0.0524, cls_loss_aux: 0.0591, csc_loss: 0.0730, gmc_loss: 0.0017, luc_loss: 0.0992, seg_loss: 0.0881...
2024-04-13 15:43:06,249 - dist_train_voc_seg_neg.py - INFO: Iter: 11200; Elasped: 5:26:24; ETA: 4:16:27; LR: 2.866e-05; cls_loss: 0.0539, cls_loss_aux: 0.0578, csc_loss: 0.0949, gmc_loss: 0.0017, luc_loss: 0.0888, seg_loss: 0.1068...
2024-04-13 15:51:11,527 - dist_train_voc_seg_neg.py - INFO: Iter: 11400; Elasped: 5:34:29; ETA: 4:12:19; LR: 2.807e-05; cls_loss: 0.0511, cls_loss_aux: 0.0568, csc_loss: 0.0784, gmc_loss: 0.0015, luc_loss: 0.0949, seg_loss: 0.1144...
2024-04-13 15:59:16,098 - dist_train_voc_seg_neg.py - INFO: Iter: 11600; Elasped: 5:42:34; ETA: 4:08:03; LR: 2.749e-05; cls_loss: 0.0538, cls_loss_aux: 0.0638, csc_loss: 0.0744, gmc_loss: 0.0016, luc_loss: 0.0922, seg_loss: 0.0861...
2024-04-13 16:07:39,610 - dist_train_voc_seg_neg.py - INFO: Iter: 11800; Elasped: 5:50:57; ETA: 4:03:52; LR: 2.690e-05; cls_loss: 0.0592, cls_loss_aux: 0.0677, csc_loss: 0.0790, gmc_loss: 0.0019, luc_loss: 0.0907, seg_loss: 0.0948...
2024-04-13 16:15:44,803 - dist_train_voc_seg_neg.py - INFO: Iter: 12000; Elasped: 5:59:02; ETA: 3:59:21; LR: 2.631e-05; cls_loss: 0.0601, cls_loss_aux: 0.0620, csc_loss: 0.0901, gmc_loss: 0.0018, luc_loss: 0.0934, seg_loss: 0.1109...
2024-04-13 16:15:44,803 - dist_train_voc_seg_neg.py - INFO: Validating...
2024-04-13 16:23:35,616 - dist_train_voc_seg_neg.py - INFO: val cls score: 0.905705
2024-04-13 16:23:35,617 - dist_train_voc_seg_neg.py - INFO: 
+--------------+--------+---------+----------+
|    Class     |  CAM   | aux_CAM | Seg_Pred |
+==============+========+=========+==========+
| _background_ | 90.843 | 89.299  | 90.436   |
+--------------+--------+---------+----------+
| aeroplane    | 82.312 | 82.007  | 81.233   |
+--------------+--------+---------+----------+
| bicycle      | 46.776 | 39.187  | 39.166   |
+--------------+--------+---------+----------+
| bird         | 85.219 | 84.300  | 85.704   |
+--------------+--------+---------+----------+
| boat         | 65.392 | 64.584  | 57.052   |
+--------------+--------+---------+----------+
| bottle       | 76.872 | 64.039  | 75.318   |
+--------------+--------+---------+----------+
| bus          | 87.430 | 79.219  | 82.256   |
+--------------+--------+---------+----------+
| car          | 82.836 | 72.679  | 80.711   |
+--------------+--------+---------+----------+
| cat          | 85.547 | 79.570  | 87.632   |
+--------------+--------+---------+----------+
| chair        | 51.164 | 46.673  | 38.171   |
+--------------+--------+---------+----------+
| cow          | 86.622 | 75.156  | 86.397   |
+--------------+--------+---------+----------+
| diningtable  | 53.031 | 52.431  | 50.664   |
+--------------+--------+---------+----------+
| dog          | 82.813 | 78.678  | 81.987   |
+--------------+--------+---------+----------+
| horse        | 85.923 | 75.600  | 80.541   |
+--------------+--------+---------+----------+
| motorbike    | 76.645 | 75.831  | 72.879   |
+--------------+--------+---------+----------+
| person       | 78.998 | 77.533  | 77.432   |
+--------------+--------+---------+----------+
| pottedplant  | 64.116 | 53.166  | 52.842   |
+--------------+--------+---------+----------+
| sheep        | 86.719 | 78.500  | 85.457   |
+--------------+--------+---------+----------+
| sofa         | 61.810 | 66.388  | 48.270   |
+--------------+--------+---------+----------+
| train        | 56.985 | 60.995  | 54.719   |
+--------------+--------+---------+----------+
| tvmonitor    | 50.280 | 58.311  | 49.629   |
+--------------+--------+---------+----------+
| mIoU         | 73.254 | 69.245  | 69.452   |
+--------------+--------+---------+----------+
2024-04-13 16:28:04,546 - dist_train_voc_seg_neg.py - INFO: Iter: 12200; Elasped: 6:11:22; ETA: 3:57:25; LR: 2.571e-05; cls_loss: 0.0537, cls_loss_aux: 0.0590, csc_loss: 0.0767, gmc_loss: 0.0015, luc_loss: 0.0903, seg_loss: 0.0958...
2024-04-13 16:32:33,693 - dist_train_voc_seg_neg.py - INFO: Iter: 12400; Elasped: 6:15:51; ETA: 3:50:21; LR: 2.512e-05; cls_loss: 0.0501, cls_loss_aux: 0.0557, csc_loss: 0.0755, gmc_loss: 0.0016, luc_loss: 0.0912, seg_loss: 0.0834...
2024-04-13 16:37:01,776 - dist_train_voc_seg_neg.py - INFO: Iter: 12600; Elasped: 6:20:19; ETA: 3:43:21; LR: 2.452e-05; cls_loss: 0.0573, cls_loss_aux: 0.0642, csc_loss: 0.0924, gmc_loss: 0.0017, luc_loss: 0.0868, seg_loss: 0.0946...
2024-04-13 16:41:29,470 - dist_train_voc_seg_neg.py - INFO: Iter: 12800; Elasped: 6:24:47; ETA: 3:36:26; LR: 2.393e-05; cls_loss: 0.0549, cls_loss_aux: 0.0614, csc_loss: 0.0909, gmc_loss: 0.0015, luc_loss: 0.0932, seg_loss: 0.0863...
2024-04-13 16:45:57,656 - dist_train_voc_seg_neg.py - INFO: Iter: 13000; Elasped: 6:29:15; ETA: 3:29:35; LR: 2.333e-05; cls_loss: 0.0562, cls_loss_aux: 0.0635, csc_loss: 0.1011, gmc_loss: 0.0169, luc_loss: 0.0942, seg_loss: 0.1019...
2024-04-13 16:50:26,513 - dist_train_voc_seg_neg.py - INFO: Iter: 13200; Elasped: 6:33:44; ETA: 3:22:49; LR: 2.273e-05; cls_loss: 0.0528, cls_loss_aux: 0.0575, csc_loss: 0.0943, gmc_loss: 0.0117, luc_loss: 0.0883, seg_loss: 0.0820...
2024-04-13 16:54:56,461 - dist_train_voc_seg_neg.py - INFO: Iter: 13400; Elasped: 6:38:14; ETA: 3:16:08; LR: 2.212e-05; cls_loss: 0.0540, cls_loss_aux: 0.0599, csc_loss: 0.0935, gmc_loss: 0.0031, luc_loss: 0.0815, seg_loss: 0.1042...
2024-04-13 16:59:25,881 - dist_train_voc_seg_neg.py - INFO: Iter: 13600; Elasped: 6:42:43; ETA: 3:09:30; LR: 2.152e-05; cls_loss: 0.0534, cls_loss_aux: 0.0559, csc_loss: 0.0743, gmc_loss: 0.0019, luc_loss: 0.0834, seg_loss: 0.1175...
2024-04-13 17:03:55,121 - dist_train_voc_seg_neg.py - INFO: Iter: 13800; Elasped: 6:47:13; ETA: 3:02:57; LR: 2.091e-05; cls_loss: 0.0523, cls_loss_aux: 0.0546, csc_loss: 0.0950, gmc_loss: 0.0014, luc_loss: 0.0899, seg_loss: 0.0815...
2024-04-13 17:08:24,272 - dist_train_voc_seg_neg.py - INFO: Iter: 14000; Elasped: 6:51:42; ETA: 2:56:26; LR: 2.031e-05; cls_loss: 0.0510, cls_loss_aux: 0.0522, csc_loss: 0.0904, gmc_loss: 0.0014, luc_loss: 0.0835, seg_loss: 0.0838...
2024-04-13 17:08:24,273 - dist_train_voc_seg_neg.py - INFO: Validating...
2024-04-13 17:13:37,631 - dist_train_voc_seg_neg.py - INFO: val cls score: 0.918032
2024-04-13 17:13:37,631 - dist_train_voc_seg_neg.py - INFO: 
+--------------+--------+---------+----------+
|    Class     |  CAM   | aux_CAM | Seg_Pred |
+==============+========+=========+==========+
| _background_ | 90.920 | 88.475  | 90.446   |
+--------------+--------+---------+----------+
| aeroplane    | 84.451 | 81.122  | 81.981   |
+--------------+--------+---------+----------+
| bicycle      | 44.982 | 42.072  | 38.449   |
+--------------+--------+---------+----------+
| bird         | 87.945 | 77.656  | 86.087   |
+--------------+--------+---------+----------+
| boat         | 65.318 | 61.538  | 64.890   |
+--------------+--------+---------+----------+
| bottle       | 77.174 | 70.934  | 75.929   |
+--------------+--------+---------+----------+
| bus          | 81.773 | 77.296  | 82.685   |
+--------------+--------+---------+----------+
| car          | 80.776 | 72.761  | 79.454   |
+--------------+--------+---------+----------+
| cat          | 83.910 | 78.261  | 84.128   |
+--------------+--------+---------+----------+
| chair        | 51.710 | 43.344  | 39.650   |
+--------------+--------+---------+----------+
| cow          | 85.125 | 74.238  | 86.365   |
+--------------+--------+---------+----------+
| diningtable  | 57.585 | 54.067  | 60.122   |
+--------------+--------+---------+----------+
| dog          | 79.487 | 71.880  | 78.542   |
+--------------+--------+---------+----------+
| horse        | 83.209 | 72.890  | 80.083   |
+--------------+--------+---------+----------+
| motorbike    | 74.940 | 76.193  | 68.542   |
+--------------+--------+---------+----------+
| person       | 80.633 | 75.489  | 77.864   |
+--------------+--------+---------+----------+
| pottedplant  | 59.476 | 41.153  | 48.791   |
+--------------+--------+---------+----------+
| sheep        | 87.139 | 77.562  | 84.966   |
+--------------+--------+---------+----------+
| sofa         | 60.376 | 67.028  | 47.305   |
+--------------+--------+---------+----------+
| train        | 56.606 | 55.922  | 54.993   |
+--------------+--------+---------+----------+
| tvmonitor    | 56.512 | 57.625  | 52.216   |
+--------------+--------+---------+----------+
| mIoU         | 72.859 | 67.500  | 69.690   |
+--------------+--------+---------+----------+
2024-04-13 17:18:06,034 - dist_train_voc_seg_neg.py - INFO: Iter: 14200; Elasped: 7:01:24; ETA: 2:52:07; LR: 1.970e-05; cls_loss: 0.0479, cls_loss_aux: 0.0478, csc_loss: 0.0774, gmc_loss: 0.0015, luc_loss: 0.0794, seg_loss: 0.0861...
2024-04-13 17:22:34,585 - dist_train_voc_seg_neg.py - INFO: Iter: 14400; Elasped: 7:05:52; ETA: 2:45:36; LR: 1.908e-05; cls_loss: 0.0528, cls_loss_aux: 0.0537, csc_loss: 0.0723, gmc_loss: 0.0105, luc_loss: 0.0838, seg_loss: 0.0821...
2024-04-13 17:27:02,949 - dist_train_voc_seg_neg.py - INFO: Iter: 14600; Elasped: 7:10:20; ETA: 2:39:09; LR: 1.847e-05; cls_loss: 0.0467, cls_loss_aux: 0.0502, csc_loss: 0.0868, gmc_loss: 0.0100, luc_loss: 0.0828, seg_loss: 0.0746...
2024-04-13 17:31:31,237 - dist_train_voc_seg_neg.py - INFO: Iter: 14800; Elasped: 7:14:49; ETA: 2:32:46; LR: 1.785e-05; cls_loss: 0.0463, cls_loss_aux: 0.0489, csc_loss: 0.0889, gmc_loss: 0.0020, luc_loss: 0.0774, seg_loss: 0.0771...
2024-04-13 17:35:59,575 - dist_train_voc_seg_neg.py - INFO: Iter: 15000; Elasped: 7:19:17; ETA: 2:26:25; LR: 1.723e-05; cls_loss: 0.0482, cls_loss_aux: 0.0494, csc_loss: 0.0799, gmc_loss: 0.0013, luc_loss: 0.0807, seg_loss: 0.0828...
2024-04-13 17:40:28,437 - dist_train_voc_seg_neg.py - INFO: Iter: 15200; Elasped: 7:23:46; ETA: 2:20:08; LR: 1.661e-05; cls_loss: 0.0435, cls_loss_aux: 0.0464, csc_loss: 0.0851, gmc_loss: 0.0012, luc_loss: 0.0797, seg_loss: 0.0761...
2024-04-13 17:44:57,414 - dist_train_voc_seg_neg.py - INFO: Iter: 15400; Elasped: 7:28:15; ETA: 2:13:53; LR: 1.599e-05; cls_loss: 0.0498, cls_loss_aux: 0.0493, csc_loss: 0.0618, gmc_loss: 0.0013, luc_loss: 0.0836, seg_loss: 0.0769...
2024-04-13 17:49:26,616 - dist_train_voc_seg_neg.py - INFO: Iter: 15600; Elasped: 7:32:44; ETA: 2:07:41; LR: 1.536e-05; cls_loss: 0.0474, cls_loss_aux: 0.0488, csc_loss: 0.0774, gmc_loss: 0.0015, luc_loss: 0.0805, seg_loss: 0.0790...
2024-04-13 17:53:55,028 - dist_train_voc_seg_neg.py - INFO: Iter: 15800; Elasped: 7:37:13; ETA: 2:01:32; LR: 1.473e-05; cls_loss: 0.0458, cls_loss_aux: 0.0463, csc_loss: 0.0761, gmc_loss: 0.0016, luc_loss: 0.0767, seg_loss: 0.0684...
2024-04-13 17:58:24,634 - dist_train_voc_seg_neg.py - INFO: Iter: 16000; Elasped: 7:41:42; ETA: 1:55:25; LR: 1.410e-05; cls_loss: 0.0379, cls_loss_aux: 0.0354, csc_loss: 0.0795, gmc_loss: 0.0014, luc_loss: 0.0815, seg_loss: 0.0755...
2024-04-13 17:58:24,635 - dist_train_voc_seg_neg.py - INFO: Validating...
2024-04-13 18:03:37,884 - dist_train_voc_seg_neg.py - INFO: val cls score: 0.920092
2024-04-13 18:03:37,884 - dist_train_voc_seg_neg.py - INFO: 
+--------------+--------+---------+----------+
|    Class     |  CAM   | aux_CAM | Seg_Pred |
+==============+========+=========+==========+
| _background_ | 91.280 | 89.193  | 90.951   |
+--------------+--------+---------+----------+
| aeroplane    | 80.586 | 81.652  | 80.939   |
+--------------+--------+---------+----------+
| bicycle      | 45.542 | 43.240  | 40.493   |
+--------------+--------+---------+----------+
| bird         | 86.353 | 82.220  | 87.055   |
+--------------+--------+---------+----------+
| boat         | 56.901 | 61.521  | 54.799   |
+--------------+--------+---------+----------+
| bottle       | 76.838 | 69.743  | 73.975   |
+--------------+--------+---------+----------+
| bus          | 87.468 | 77.578  | 87.076   |
+--------------+--------+---------+----------+
| car          | 82.412 | 70.749  | 81.494   |
+--------------+--------+---------+----------+
| cat          | 88.678 | 81.090  | 88.371   |
+--------------+--------+---------+----------+
| chair        | 52.829 | 42.355  | 39.330   |
+--------------+--------+---------+----------+
| cow          | 87.300 | 73.968  | 87.357   |
+--------------+--------+---------+----------+
| diningtable  | 49.431 | 49.542  | 50.668   |
+--------------+--------+---------+----------+
| dog          | 84.687 | 78.161  | 83.989   |
+--------------+--------+---------+----------+
| horse        | 86.453 | 78.983  | 82.150   |
+--------------+--------+---------+----------+
| motorbike    | 76.035 | 76.240  | 70.273   |
+--------------+--------+---------+----------+
| person       | 79.411 | 77.397  | 77.418   |
+--------------+--------+---------+----------+
| pottedplant  | 56.143 | 41.961  | 49.570   |
+--------------+--------+---------+----------+
| sheep        | 87.945 | 80.605  | 86.805   |
+--------------+--------+---------+----------+
| sofa         | 66.573 | 69.464  | 52.311   |
+--------------+--------+---------+----------+
| train        | 57.632 | 58.417  | 57.235   |
+--------------+--------+---------+----------+
| tvmonitor    | 63.055 | 58.915  | 60.778   |
+--------------+--------+---------+----------+
| mIoU         | 73.502 | 68.714  | 70.621   |
+--------------+--------+---------+----------+
2024-04-13 18:08:06,631 - dist_train_voc_seg_neg.py - INFO: Iter: 16200; Elasped: 7:51:24; ETA: 1:50:34; LR: 1.346e-05; cls_loss: 0.0459, cls_loss_aux: 0.0429, csc_loss: 0.0724, gmc_loss: 0.0015, luc_loss: 0.0752, seg_loss: 0.0701...
2024-04-13 18:12:35,358 - dist_train_voc_seg_neg.py - INFO: Iter: 16400; Elasped: 7:55:53; ETA: 1:44:27; LR: 1.282e-05; cls_loss: 0.0415, cls_loss_aux: 0.0398, csc_loss: 0.0820, gmc_loss: 0.0014, luc_loss: 0.0755, seg_loss: 0.0759...
2024-04-13 18:17:04,133 - dist_train_voc_seg_neg.py - INFO: Iter: 16600; Elasped: 8:00:22; ETA: 1:38:23; LR: 1.218e-05; cls_loss: 0.0397, cls_loss_aux: 0.0366, csc_loss: 0.0834, gmc_loss: 0.0016, luc_loss: 0.0723, seg_loss: 0.0829...
2024-04-13 18:21:32,547 - dist_train_voc_seg_neg.py - INFO: Iter: 16800; Elasped: 8:04:50; ETA: 1:32:20; LR: 1.153e-05; cls_loss: 0.0417, cls_loss_aux: 0.0391, csc_loss: 0.0684, gmc_loss: 0.0021, luc_loss: 0.0703, seg_loss: 0.0715...
2024-04-13 18:26:01,178 - dist_train_voc_seg_neg.py - INFO: Iter: 17000; Elasped: 8:09:19; ETA: 1:26:21; LR: 1.088e-05; cls_loss: 0.0413, cls_loss_aux: 0.0404, csc_loss: 0.0630, gmc_loss: 0.0125, luc_loss: 0.0725, seg_loss: 0.0655...
2024-04-13 18:30:29,542 - dist_train_voc_seg_neg.py - INFO: Iter: 17200; Elasped: 8:13:47; ETA: 1:20:23; LR: 1.023e-05; cls_loss: 0.0391, cls_loss_aux: 0.0378, csc_loss: 0.0706, gmc_loss: 0.0014, luc_loss: 0.0751, seg_loss: 0.0711...
2024-04-13 18:34:58,694 - dist_train_voc_seg_neg.py - INFO: Iter: 17400; Elasped: 8:18:16; ETA: 1:14:27; LR: 9.569e-06; cls_loss: 0.0447, cls_loss_aux: 0.0438, csc_loss: 0.0982, gmc_loss: 0.0014, luc_loss: 0.0743, seg_loss: 0.0760...
2024-04-13 18:39:27,451 - dist_train_voc_seg_neg.py - INFO: Iter: 17600; Elasped: 8:22:45; ETA: 1:08:33; LR: 8.904e-06; cls_loss: 0.0402, cls_loss_aux: 0.0391, csc_loss: 0.0527, gmc_loss: 0.0016, luc_loss: 0.0693, seg_loss: 0.0618...
2024-04-13 18:43:56,414 - dist_train_voc_seg_neg.py - INFO: Iter: 17800; Elasped: 8:27:14; ETA: 1:02:41; LR: 8.233e-06; cls_loss: 0.0431, cls_loss_aux: 0.0421, csc_loss: 0.0816, gmc_loss: 0.0195, luc_loss: 0.0729, seg_loss: 0.0746...
2024-04-13 18:48:25,271 - dist_train_voc_seg_neg.py - INFO: Iter: 18000; Elasped: 8:31:43; ETA: 0:56:51; LR: 7.557e-06; cls_loss: 0.0426, cls_loss_aux: 0.0408, csc_loss: 0.0761, gmc_loss: 0.0013, luc_loss: 0.0696, seg_loss: 0.0762...
2024-04-13 18:48:25,271 - dist_train_voc_seg_neg.py - INFO: Validating...
2024-04-13 18:53:38,314 - dist_train_voc_seg_neg.py - INFO: val cls score: 0.924185
2024-04-13 18:53:38,315 - dist_train_voc_seg_neg.py - INFO: 
+--------------+--------+---------+----------+
|    Class     |  CAM   | aux_CAM | Seg_Pred |
+==============+========+=========+==========+
| _background_ | 90.865 | 89.015  | 90.288   |
+--------------+--------+---------+----------+
| aeroplane    | 82.756 | 80.958  | 82.200   |
+--------------+--------+---------+----------+
| bicycle      | 45.962 | 44.116  | 39.036   |
+--------------+--------+---------+----------+
| bird         | 87.833 | 82.684  | 85.801   |
+--------------+--------+---------+----------+
| boat         | 64.801 | 64.617  | 64.645   |
+--------------+--------+---------+----------+
| bottle       | 78.472 | 62.072  | 75.825   |
+--------------+--------+---------+----------+
| bus          | 87.041 | 78.663  | 87.341   |
+--------------+--------+---------+----------+
| car          | 82.032 | 68.134  | 81.355   |
+--------------+--------+---------+----------+
| cat          | 84.688 | 78.178  | 86.581   |
+--------------+--------+---------+----------+
| chair        | 50.489 | 45.750  | 39.167   |
+--------------+--------+---------+----------+
| cow          | 85.651 | 76.515  | 87.198   |
+--------------+--------+---------+----------+
| diningtable  | 48.525 | 50.979  | 50.421   |
+--------------+--------+---------+----------+
| dog          | 79.179 | 72.017  | 78.268   |
+--------------+--------+---------+----------+
| horse        | 85.566 | 77.554  | 82.652   |
+--------------+--------+---------+----------+
| motorbike    | 76.391 | 75.611  | 72.509   |
+--------------+--------+---------+----------+
| person       | 76.571 | 76.157  | 70.667   |
+--------------+--------+---------+----------+
| pottedplant  | 58.139 | 47.998  | 46.702   |
+--------------+--------+---------+----------+
| sheep        | 85.560 | 77.251  | 84.284   |
+--------------+--------+---------+----------+
| sofa         | 63.734 | 69.144  | 51.781   |
+--------------+--------+---------+----------+
| train        | 57.595 | 56.651  | 56.412   |
+--------------+--------+---------+----------+
| tvmonitor    | 57.859 | 61.267  | 56.774   |
+--------------+--------+---------+----------+
| mIoU         | 72.843 | 68.349  | 69.996   |
+--------------+--------+---------+----------+
2024-04-13 18:58:06,813 - dist_train_voc_seg_neg.py - INFO: Iter: 18200; Elasped: 8:41:24; ETA: 0:51:34; LR: 6.874e-06; cls_loss: 0.0404, cls_loss_aux: 0.0376, csc_loss: 0.0746, gmc_loss: 0.0013, luc_loss: 0.0677, seg_loss: 0.0702...
2024-04-13 19:02:35,235 - dist_train_voc_seg_neg.py - INFO: Iter: 18400; Elasped: 8:45:53; ETA: 0:45:43; LR: 6.183e-06; cls_loss: 0.0406, cls_loss_aux: 0.0390, csc_loss: 0.0725, gmc_loss: 0.0013, luc_loss: 0.0686, seg_loss: 0.0704...
2024-04-13 19:07:04,309 - dist_train_voc_seg_neg.py - INFO: Iter: 18600; Elasped: 8:50:22; ETA: 0:39:55; LR: 5.483e-06; cls_loss: 0.0368, cls_loss_aux: 0.0321, csc_loss: 0.0667, gmc_loss: 0.0013, luc_loss: 0.0705, seg_loss: 0.0651...
2024-04-13 19:11:32,655 - dist_train_voc_seg_neg.py - INFO: Iter: 18800; Elasped: 8:54:50; ETA: 0:34:08; LR: 4.773e-06; cls_loss: 0.0406, cls_loss_aux: 0.0366, csc_loss: 0.0733, gmc_loss: 0.0013, luc_loss: 0.0696, seg_loss: 0.0689...
2024-04-13 19:16:01,782 - dist_train_voc_seg_neg.py - INFO: Iter: 19000; Elasped: 8:59:19; ETA: 0:28:23; LR: 4.051e-06; cls_loss: 0.0347, cls_loss_aux: 0.0317, csc_loss: 0.0699, gmc_loss: 0.0015, luc_loss: 0.0724, seg_loss: 0.0659...
2024-04-13 19:20:31,127 - dist_train_voc_seg_neg.py - INFO: Iter: 19200; Elasped: 9:03:49; ETA: 0:22:39; LR: 3.315e-06; cls_loss: 0.0371, cls_loss_aux: 0.0351, csc_loss: 0.0770, gmc_loss: 0.0014, luc_loss: 0.0688, seg_loss: 0.0629...
2024-04-13 19:25:00,222 - dist_train_voc_seg_neg.py - INFO: Iter: 19400; Elasped: 9:08:18; ETA: 0:16:57; LR: 2.560e-06; cls_loss: 0.0314, cls_loss_aux: 0.0299, csc_loss: 0.0797, gmc_loss: 0.0014, luc_loss: 0.0712, seg_loss: 0.0624...
2024-04-13 19:29:29,242 - dist_train_voc_seg_neg.py - INFO: Iter: 19600; Elasped: 9:12:47; ETA: 0:11:16; LR: 1.779e-06; cls_loss: 0.0351, cls_loss_aux: 0.0328, csc_loss: 0.0656, gmc_loss: 0.0103, luc_loss: 0.0713, seg_loss: 0.0625...
2024-04-13 19:33:58,161 - dist_train_voc_seg_neg.py - INFO: Iter: 19800; Elasped: 9:17:16; ETA: 0:05:37; LR: 9.552e-07; cls_loss: 0.0353, cls_loss_aux: 0.0295, csc_loss: 0.0760, gmc_loss: 0.0014, luc_loss: 0.0721, seg_loss: 0.0679...
2024-04-13 19:38:27,140 - dist_train_voc_seg_neg.py - INFO: Iter: 20000; Elasped: 9:21:45; ETA: 0:00:00; LR: 8.077e-09; cls_loss: 0.0381, cls_loss_aux: 0.0319, csc_loss: 0.0878, gmc_loss: 0.0101, luc_loss: 0.0688, seg_loss: 0.0678...
2024-04-13 19:38:27,140 - dist_train_voc_seg_neg.py - INFO: Validating...
2024-04-13 19:43:40,053 - dist_train_voc_seg_neg.py - INFO: val cls score: 0.924185
2024-04-13 19:43:40,053 - dist_train_voc_seg_neg.py - INFO: 
+--------------+--------+---------+----------+
|    Class     |  CAM   | aux_CAM | Seg_Pred |
+==============+========+=========+==========+
| _background_ | 91.145 | 89.304  | 90.828   |
+--------------+--------+---------+----------+
| aeroplane    | 82.616 | 81.219  | 82.920   |
+--------------+--------+---------+----------+
| bicycle      | 45.533 | 43.390  | 39.736   |
+--------------+--------+---------+----------+
| bird         | 85.646 | 86.200  | 86.923   |
+--------------+--------+---------+----------+
| boat         | 65.867 | 64.889  | 66.077   |
+--------------+--------+---------+----------+
| bottle       | 78.752 | 64.572  | 75.441   |
+--------------+--------+---------+----------+
| bus          | 86.812 | 79.574  | 87.192   |
+--------------+--------+---------+----------+
| car          | 82.632 | 69.074  | 82.149   |
+--------------+--------+---------+----------+
| cat          | 85.636 | 78.660  | 87.542   |
+--------------+--------+---------+----------+
| chair        | 54.616 | 45.851  | 44.417   |
+--------------+--------+---------+----------+
| cow          | 85.564 | 75.372  | 86.814   |
+--------------+--------+---------+----------+
| diningtable  | 49.811 | 49.956  | 52.812   |
+--------------+--------+---------+----------+
| dog          | 80.351 | 74.194  | 80.656   |
+--------------+--------+---------+----------+
| horse        | 85.752 | 76.518  | 83.255   |
+--------------+--------+---------+----------+
| motorbike    | 76.655 | 76.383  | 72.828   |
+--------------+--------+---------+----------+
| person       | 77.902 | 75.838  | 74.941   |
+--------------+--------+---------+----------+
| pottedplant  | 61.737 | 48.613  | 53.583   |
+--------------+--------+---------+----------+
| sheep        | 86.630 | 79.870  | 85.735   |
+--------------+--------+---------+----------+
| sofa         | 66.155 | 69.691  | 51.714   |
+--------------+--------+---------+----------+
| train        | 58.011 | 59.725  | 56.923   |
+--------------+--------+---------+----------+
| tvmonitor    | 61.299 | 61.240  | 60.782   |
+--------------+--------+---------+----------+
| mIoU         | 73.768 | 69.054  | 71.584   |
+--------------+--------+---------+----------+
