2023-12-21 01:54:32,370 - dist_train_voc_seg_neg.py - INFO: Pytorch version: 1.8.1+cu111
2023-12-21 01:54:32,399 - dist_train_voc_seg_neg.py - INFO: GPU type: NVIDIA RTX A6000
2023-12-21 01:54:32,399 - dist_train_voc_seg_neg.py - INFO: 
args: Namespace(aux_layer=-3, backbone='deit_base_patch16_224', backend='nccl', betas=(0.9, 0.999), bkg_thre=0.5, cam_scales=(1.0, 0.5, 1.5), ckpt_dir='work_dir_voc/2023-12-21-01-54-32-369727/checkpoints', crop_size=448, data_folder='/home/ttmdawndata/VOC2012/', eval_iters=2000, high_thre=0.7, ignore_index=255, list_folder='/home/ttmdawn/datasets/voc/', local_crop_size=96, local_rank=0, log_iters=200, low_thre=0.25, lr=6e-05, max_iters=20000, momentum=0.9, num_classes=21, num_workers=10, optimizer='PolyWarmupAdamW', pooling='gmp', power=0.9, pred_dir='work_dir_voc/2023-12-21-01-54-32-369727/predictions', pretrained=True, save_ckpt='True', scales=(0.5, 2), seed=0, spg=4, temp=0.5, train_set='train_aug', val_set='val', w_gmc=0.3, w_mac=0.2, w_luc=0.1, w_reg=0.05, w_seg=0.1, warmup_iters=1500, warmup_lr=1e-06, work_dir='work_dir_voc/2023-12-21-01-54-32-369727', wt_decay=0.01)
2023-12-21 01:54:32,400 - distributed_c10d.py - INFO: Added key: store_based_barrier_key:1 to store for rank: 0
2023-12-21 01:54:32,400 - dist_train_voc_seg_neg.py - INFO: Total gpus: 1, samples per gpu: 4...
2023-12-21 01:54:38,601 - dist_train_voc_seg_neg.py - INFO: 
Optimizer: 
PolyWarmupAdamW (
Parameter Group 0
    amsgrad: False
    betas: (0.9, 0.999)
    eps: 1e-08
    lr: 6e-05
    weight_decay: 0.01

Parameter Group 1
    amsgrad: False
    betas: (0.9, 0.999)
    eps: 1e-08
    lr: 6e-05
    weight_decay: 0.01

Parameter Group 2
    amsgrad: False
    betas: (0.9, 0.999)
    eps: 1e-08
    lr: 0.0006000000000000001
    weight_decay: 0.01

Parameter Group 3
    amsgrad: False
    betas: (0.9, 0.999)
    eps: 1e-08
    lr: 0.0006000000000000001
    weight_decay: 0.01
)
2023-12-21 02:01:57,758 - dist_train_voc_seg_neg.py - INFO: Iter: 200; Elasped: 0:07:25; ETA: 12:14:15; LR: 7.960e-06; cls_loss: 0.4106, cls_loss_aux: 0.5514, mac_loss: 0.6722, mfb_loss: 1.1070, consis_loss: 0.0610, seg_loss: 2.9584...
2023-12-21 02:09:14,254 - dist_train_voc_seg_neg.py - INFO: Iter: 400; Elasped: 0:14:42; ETA: 12:00:18; LR: 1.596e-05; cls_loss: 0.2469, cls_loss_aux: 0.2501, mac_loss: 0.6623, mfb_loss: 0.1685, consis_loss: 0.0703, seg_loss: 3.0100...
2023-12-21 02:16:30,920 - dist_train_voc_seg_neg.py - INFO: Iter: 600; Elasped: 0:21:58; ETA: 11:50:15; LR: 2.396e-05; cls_loss: 0.2211, cls_loss_aux: 0.2140, mac_loss: 0.4439, mfb_loss: 0.0423, consis_loss: 0.0386, seg_loss: 2.9604...
2023-12-21 02:24:20,145 - dist_train_voc_seg_neg.py - INFO: Iter: 800; Elasped: 0:29:48; ETA: 11:55:12; LR: 3.196e-05; cls_loss: 0.1892, cls_loss_aux: 0.1863, mac_loss: 0.2621, mfb_loss: 0.0366, consis_loss: 0.0214, seg_loss: 2.9790...
2023-12-21 02:30:29,516 - dist_train_voc_seg_neg.py - INFO: Iter: 1000; Elasped: 0:35:57; ETA: 11:23:03; LR: 3.996e-05; cls_loss: 0.1525, cls_loss_aux: 0.1799, mac_loss: 0.2303, mfb_loss: 0.0144, consis_loss: 0.0220, seg_loss: 3.0155...
2023-12-21 02:34:10,967 - dist_train_voc_seg_neg.py - INFO: Iter: 1200; Elasped: 0:39:38; ETA: 10:20:55; LR: 4.796e-05; cls_loss: 0.1277, cls_loss_aux: 0.1601, mac_loss: 0.1777, mfb_loss: 0.0162, consis_loss: 0.0187, seg_loss: 3.0164...
2023-12-21 02:37:50,730 - dist_train_voc_seg_neg.py - INFO: Iter: 1400; Elasped: 0:43:18; ETA: 9:35:16; LR: 5.596e-05; cls_loss: 0.1214, cls_loss_aux: 0.1615, mac_loss: 0.1719, mfb_loss: 0.0129, consis_loss: 0.0194, seg_loss: 3.0201...
2023-12-21 02:41:29,867 - dist_train_voc_seg_neg.py - INFO: Iter: 1600; Elasped: 0:46:57; ETA: 8:59:55; LR: 5.566e-05; cls_loss: 0.1075, cls_loss_aux: 0.1474, mac_loss: 0.1568, mfb_loss: 0.0088, consis_loss: 0.0264, seg_loss: 3.0265...
2023-12-21 02:45:09,193 - dist_train_voc_seg_neg.py - INFO: Iter: 1800; Elasped: 0:50:37; ETA: 8:31:47; LR: 5.512e-05; cls_loss: 0.1113, cls_loss_aux: 0.1540, mac_loss: 0.1461, mfb_loss: 0.0054, consis_loss: 0.0320, seg_loss: 3.0256...
2023-12-21 02:48:48,552 - dist_train_voc_seg_neg.py - INFO: Iter: 2000; Elasped: 0:54:16; ETA: 8:08:24; LR: 5.457e-05; cls_loss: 0.1011, cls_loss_aux: 0.1360, mac_loss: 0.1491, mfb_loss: 0.0209, consis_loss: 0.0387, seg_loss: 3.0304...
2023-12-21 02:48:48,552 - dist_train_voc_seg_neg.py - INFO: Validating...
2023-12-21 02:52:54,970 - dist_train_voc_seg_neg.py - INFO: val cls score: 0.794546
2023-12-21 02:52:54,970 - dist_train_voc_seg_neg.py - INFO: 
+--------------+--------+---------+----------+
|    Class     |  CAM   | aux_CAM | Seg_Pred |
+==============+========+=========+==========+
| _background_ | 78.372 | 82.537  | 2.797    |
+--------------+--------+---------+----------+
| aeroplane    | 59.145 | 69.120  | 0.018    |
+--------------+--------+---------+----------+
| bicycle      | 28.907 | 46.410  | 0.007    |
+--------------+--------+---------+----------+
| bird         | 47.993 | 60.129  | 0.020    |
+--------------+--------+---------+----------+
| boat         | 39.909 | 42.785  | 0.074    |
+--------------+--------+---------+----------+
| bottle       | 40.441 | 42.232  | 0        |
+--------------+--------+---------+----------+
| bus          | 62.978 | 64.215  | 0.076    |
+--------------+--------+---------+----------+
| car          | 52.277 | 55.984  | 0.002    |
+--------------+--------+---------+----------+
| cat          | 55.831 | 31.345  | 0.244    |
+--------------+--------+---------+----------+
| chair        | 19.129 | 21.909  | 0.535    |
+--------------+--------+---------+----------+
| cow          | 51.387 | 43.768  | 0.006    |
+--------------+--------+---------+----------+
| diningtable  | 30.803 | 22.883  | 1.080    |
+--------------+--------+---------+----------+
| dog          | 55.991 | 51.608  | 1.949    |
+--------------+--------+---------+----------+
| horse        | 53.199 | 54.659  | 0.001    |
+--------------+--------+---------+----------+
| motorbike    | 60.411 | 66.119  | 1.199    |
+--------------+--------+---------+----------+
| person       | 51.518 | 50.681  | 0.611    |
+--------------+--------+---------+----------+
| pottedplant  | 34.216 | 42.665  | 0.007    |
+--------------+--------+---------+----------+
| sheep        | 57.342 | 52.877  | 0.382    |
+--------------+--------+---------+----------+
| sofa         | 25.519 | 30.006  | 0.093    |
+--------------+--------+---------+----------+
| train        | 55.267 | 57.276  | 0        |
+--------------+--------+---------+----------+
| tvmonitor    | 23.088 | 30.883  | 0.325    |
+--------------+--------+---------+----------+
| mIoU         | 46.844 | 48.576  | 0.449    |
+--------------+--------+---------+----------+
2023-12-21 02:56:32,501 - dist_train_voc_seg_neg.py - INFO: Iter: 2200; Elasped: 1:02:00; ETA: 8:21:38; LR: 5.403e-05; cls_loss: 0.1110, cls_loss_aux: 0.1467, mac_loss: 0.1815, mfb_loss: 0.0248, consis_loss: 0.0363, seg_loss: 1.3377...
2023-12-21 03:00:10,575 - dist_train_voc_seg_neg.py - INFO: Iter: 2400; Elasped: 1:05:38; ETA: 8:01:18; LR: 5.348e-05; cls_loss: 0.1017, cls_loss_aux: 0.1394, mac_loss: 0.1642, mfb_loss: 0.0430, consis_loss: 0.0455, seg_loss: 0.6054...
2023-12-21 03:03:49,085 - dist_train_voc_seg_neg.py - INFO: Iter: 2600; Elasped: 1:09:17; ETA: 7:43:39; LR: 5.293e-05; cls_loss: 0.1113, cls_loss_aux: 0.1512, mac_loss: 0.1633, mfb_loss: 0.0150, consis_loss: 0.0513, seg_loss: 0.5542...
2023-12-21 03:07:29,542 - dist_train_voc_seg_neg.py - INFO: Iter: 2800; Elasped: 1:12:57; ETA: 7:28:07; LR: 5.239e-05; cls_loss: 0.0955, cls_loss_aux: 0.1316, mac_loss: 0.1516, mfb_loss: 0.0039, consis_loss: 0.0548, seg_loss: 0.3312...
2023-12-21 03:11:09,102 - dist_train_voc_seg_neg.py - INFO: Iter: 3000; Elasped: 1:16:37; ETA: 7:14:09; LR: 5.184e-05; cls_loss: 0.0957, cls_loss_aux: 0.1269, mac_loss: 0.1547, mfb_loss: 0.0058, consis_loss: 0.0666, seg_loss: 0.3373...
2023-12-21 03:14:48,819 - dist_train_voc_seg_neg.py - INFO: Iter: 3200; Elasped: 1:20:16; ETA: 7:01:24; LR: 5.129e-05; cls_loss: 0.0993, cls_loss_aux: 0.1310, mac_loss: 0.1656, mfb_loss: 0.0026, consis_loss: 0.0779, seg_loss: 0.2730...
2023-12-21 03:18:28,277 - dist_train_voc_seg_neg.py - INFO: Iter: 3400; Elasped: 1:23:56; ETA: 6:49:47; LR: 5.074e-05; cls_loss: 0.0864, cls_loss_aux: 0.1188, mac_loss: 0.1301, mfb_loss: 0.0106, consis_loss: 0.0799, seg_loss: 0.2711...
2023-12-21 03:22:05,549 - dist_train_voc_seg_neg.py - INFO: Iter: 3600; Elasped: 1:27:33; ETA: 6:38:50; LR: 5.019e-05; cls_loss: 0.0851, cls_loss_aux: 0.1206, mac_loss: 0.1308, mfb_loss: 0.0106, consis_loss: 0.0713, seg_loss: 0.3205...
2023-12-21 03:25:43,078 - dist_train_voc_seg_neg.py - INFO: Iter: 3800; Elasped: 1:31:11; ETA: 6:28:43; LR: 4.964e-05; cls_loss: 0.0855, cls_loss_aux: 0.1128, mac_loss: 0.1604, mfb_loss: 0.0028, consis_loss: 0.0880, seg_loss: 0.2398...
2023-12-21 03:29:19,344 - dist_train_voc_seg_neg.py - INFO: Iter: 4000; Elasped: 1:34:47; ETA: 6:19:08; LR: 4.909e-05; cls_loss: 0.0870, cls_loss_aux: 0.1127, mac_loss: 0.1467, mfb_loss: 0.0023, consis_loss: 0.0986, seg_loss: 0.2467...
2023-12-21 03:29:19,344 - dist_train_voc_seg_neg.py - INFO: Validating...
2023-12-21 03:33:26,297 - dist_train_voc_seg_neg.py - INFO: val cls score: 0.861842
2023-12-21 03:33:26,297 - dist_train_voc_seg_neg.py - INFO: 
+--------------+--------+---------+----------+
|    Class     |  CAM   | aux_CAM | Seg_Pred |
+==============+========+=========+==========+
| _background_ | 85.740 | 84.593  | 84.998   |
+--------------+--------+---------+----------+
| aeroplane    | 72.920 | 71.089  | 73.686   |
+--------------+--------+---------+----------+
| bicycle      | 36.283 | 43.268  | 32.870   |
+--------------+--------+---------+----------+
| bird         | 65.342 | 65.719  | 64.152   |
+--------------+--------+---------+----------+
| boat         | 60.745 | 57.183  | 51.680   |
+--------------+--------+---------+----------+
| bottle       | 59.712 | 44.340  | 58.084   |
+--------------+--------+---------+----------+
| bus          | 77.522 | 70.029  | 72.542   |
+--------------+--------+---------+----------+
| car          | 75.857 | 67.776  | 66.978   |
+--------------+--------+---------+----------+
| cat          | 64.349 | 38.877  | 63.173   |
+--------------+--------+---------+----------+
| chair        | 29.895 | 28.939  | 17.301   |
+--------------+--------+---------+----------+
| cow          | 65.006 | 42.908  | 41.516   |
+--------------+--------+---------+----------+
| diningtable  | 39.029 | 39.140  | 16.140   |
+--------------+--------+---------+----------+
| dog          | 65.816 | 56.638  | 63.594   |
+--------------+--------+---------+----------+
| horse        | 72.189 | 59.071  | 63.133   |
+--------------+--------+---------+----------+
| motorbike    | 74.487 | 71.235  | 66.430   |
+--------------+--------+---------+----------+
| person       | 65.845 | 60.821  | 57.686   |
+--------------+--------+---------+----------+
| pottedplant  | 45.578 | 51.905  | 38.624   |
+--------------+--------+---------+----------+
| sheep        | 75.128 | 56.269  | 63.776   |
+--------------+--------+---------+----------+
| sofa         | 37.880 | 40.538  | 25.638   |
+--------------+--------+---------+----------+
| train        | 57.369 | 57.624  | 50.561   |
+--------------+--------+---------+----------+
| tvmonitor    | 37.396 | 47.871  | 35.948   |
+--------------+--------+---------+----------+
| mIoU         | 60.195 | 55.040  | 52.786   |
+--------------+--------+---------+----------+
2023-12-21 03:37:05,242 - dist_train_voc_seg_neg.py - INFO: Iter: 4200; Elasped: 1:42:33; ETA: 6:25:47; LR: 4.853e-05; cls_loss: 0.0846, cls_loss_aux: 0.1090, mac_loss: 0.1267, mfb_loss: 0.0019, consis_loss: 0.0947, seg_loss: 0.1936...
2023-12-21 03:40:44,643 - dist_train_voc_seg_neg.py - INFO: Iter: 4400; Elasped: 1:46:12; ETA: 6:16:31; LR: 4.798e-05; cls_loss: 0.0813, cls_loss_aux: 0.1081, mac_loss: 0.1591, mfb_loss: 0.0019, consis_loss: 0.1089, seg_loss: 0.2115...
2023-12-21 03:44:24,183 - dist_train_voc_seg_neg.py - INFO: Iter: 4600; Elasped: 1:49:52; ETA: 6:07:48; LR: 4.743e-05; cls_loss: 0.0887, cls_loss_aux: 0.1128, mac_loss: 0.1353, mfb_loss: 0.0021, consis_loss: 0.1048, seg_loss: 0.2238...
2023-12-21 03:48:03,430 - dist_train_voc_seg_neg.py - INFO: Iter: 4800; Elasped: 1:53:31; ETA: 5:59:28; LR: 4.687e-05; cls_loss: 0.0819, cls_loss_aux: 0.1061, mac_loss: 0.1430, mfb_loss: 0.0018, consis_loss: 0.1030, seg_loss: 0.1973...
2023-12-21 03:51:42,801 - dist_train_voc_seg_neg.py - INFO: Iter: 5000; Elasped: 1:57:10; ETA: 5:51:30; LR: 4.632e-05; cls_loss: 0.0842, cls_loss_aux: 0.1051, mac_loss: 0.1489, mfb_loss: 0.0017, consis_loss: 0.0986, seg_loss: 0.2746...
2023-12-21 03:55:21,412 - dist_train_voc_seg_neg.py - INFO: Iter: 5200; Elasped: 2:00:49; ETA: 5:43:51; LR: 4.576e-05; cls_loss: 0.0794, cls_loss_aux: 0.0981, mac_loss: 0.1185, mfb_loss: 0.0017, consis_loss: 0.1010, seg_loss: 0.1962...
2023-12-21 03:58:59,946 - dist_train_voc_seg_neg.py - INFO: Iter: 5400; Elasped: 2:04:27; ETA: 5:36:28; LR: 4.520e-05; cls_loss: 0.0854, cls_loss_aux: 0.1127, mac_loss: 0.1472, mfb_loss: 0.0019, consis_loss: 0.1060, seg_loss: 0.2075...
2023-12-21 04:02:36,397 - dist_train_voc_seg_neg.py - INFO: Iter: 5600; Elasped: 2:08:04; ETA: 5:29:18; LR: 4.465e-05; cls_loss: 0.0781, cls_loss_aux: 0.1007, mac_loss: 0.1358, mfb_loss: 0.0016, consis_loss: 0.1070, seg_loss: 0.2333...
2023-12-21 04:06:14,146 - dist_train_voc_seg_neg.py - INFO: Iter: 5800; Elasped: 2:11:42; ETA: 5:22:26; LR: 4.409e-05; cls_loss: 0.0812, cls_loss_aux: 0.1040, mac_loss: 0.1328, mfb_loss: 0.1055, consis_loss: 0.1033, seg_loss: 0.4094...
2023-12-21 04:09:53,840 - dist_train_voc_seg_neg.py - INFO: Iter: 6000; Elasped: 2:15:21; ETA: 5:15:49; LR: 4.353e-05; cls_loss: 0.0982, cls_loss_aux: 0.1206, mac_loss: 0.1228, mfb_loss: 0.0425, consis_loss: 0.0900, seg_loss: 0.2527...
2023-12-21 04:09:53,840 - dist_train_voc_seg_neg.py - INFO: Validating...
2023-12-21 04:14:00,831 - dist_train_voc_seg_neg.py - INFO: val cls score: 0.863067
2023-12-21 04:14:00,831 - dist_train_voc_seg_neg.py - INFO: 
+--------------+--------+---------+----------+
|    Class     |  CAM   | aux_CAM | Seg_Pred |
+==============+========+=========+==========+
| _background_ | 84.457 | 83.346  | 84.274   |
+--------------+--------+---------+----------+
| aeroplane    | 70.209 | 73.708  | 73.304   |
+--------------+--------+---------+----------+
| bicycle      | 34.231 | 36.999  | 33.824   |
+--------------+--------+---------+----------+
| bird         | 62.578 | 57.631  | 61.303   |
+--------------+--------+---------+----------+
| boat         | 49.426 | 53.219  | 43.208   |
+--------------+--------+---------+----------+
| bottle       | 50.907 | 37.880  | 52.108   |
+--------------+--------+---------+----------+
| bus          | 78.621 | 66.542  | 77.725   |
+--------------+--------+---------+----------+
| car          | 75.514 | 63.828  | 71.455   |
+--------------+--------+---------+----------+
| cat          | 65.374 | 46.621  | 65.474   |
+--------------+--------+---------+----------+
| chair        | 29.988 | 26.940  | 18.309   |
+--------------+--------+---------+----------+
| cow          | 63.732 | 46.815  | 39.313   |
+--------------+--------+---------+----------+
| diningtable  | 34.235 | 37.353  | 26.970   |
+--------------+--------+---------+----------+
| dog          | 66.276 | 53.180  | 63.241   |
+--------------+--------+---------+----------+
| horse        | 73.815 | 61.568  | 61.012   |
+--------------+--------+---------+----------+
| motorbike    | 72.118 | 63.891  | 71.157   |
+--------------+--------+---------+----------+
| person       | 50.392 | 50.412  | 46.957   |
+--------------+--------+---------+----------+
| pottedplant  | 48.305 | 49.919  | 41.542   |
+--------------+--------+---------+----------+
| sheep        | 76.899 | 67.692  | 68.772   |
+--------------+--------+---------+----------+
| sofa         | 41.300 | 44.824  | 28.661   |
+--------------+--------+---------+----------+
| train        | 54.786 | 46.740  | 52.234   |
+--------------+--------+---------+----------+
| tvmonitor    | 37.999 | 44.603  | 37.719   |
+--------------+--------+---------+----------+
| mIoU         | 58.151 | 53.034  | 53.265   |
+--------------+--------+---------+----------+
2023-12-21 04:17:40,179 - dist_train_voc_seg_neg.py - INFO: Iter: 6200; Elasped: 2:23:08; ETA: 5:18:35; LR: 4.297e-05; cls_loss: 0.0859, cls_loss_aux: 0.1057, mac_loss: 0.1259, mfb_loss: 0.0070, consis_loss: 0.1000, seg_loss: 0.1996...
2023-12-21 04:21:19,559 - dist_train_voc_seg_neg.py - INFO: Iter: 6400; Elasped: 2:26:47; ETA: 5:11:54; LR: 4.241e-05; cls_loss: 0.0739, cls_loss_aux: 0.0936, mac_loss: 0.1268, mfb_loss: 0.0057, consis_loss: 0.1055, seg_loss: 0.2025...
2023-12-21 04:24:58,872 - dist_train_voc_seg_neg.py - INFO: Iter: 6600; Elasped: 2:30:26; ETA: 5:05:25; LR: 4.185e-05; cls_loss: 0.0761, cls_loss_aux: 0.0897, mac_loss: 0.1286, mfb_loss: 0.0091, consis_loss: 0.1039, seg_loss: 0.1980...
2023-12-21 04:30:29,769 - dist_train_voc_seg_neg.py - INFO: Iter: 6800; Elasped: 2:35:57; ETA: 5:02:43; LR: 4.128e-05; cls_loss: 0.0695, cls_loss_aux: 0.0859, mac_loss: 0.1252, mfb_loss: 0.0023, consis_loss: 0.1083, seg_loss: 0.1501...
2023-12-21 04:37:35,970 - dist_train_voc_seg_neg.py - INFO: Iter: 7000; Elasped: 2:43:03; ETA: 5:02:48; LR: 4.072e-05; cls_loss: 0.0728, cls_loss_aux: 0.0906, mac_loss: 0.1399, mfb_loss: 0.0132, consis_loss: 0.1013, seg_loss: 0.1570...
2023-12-21 04:44:41,708 - dist_train_voc_seg_neg.py - INFO: Iter: 7200; Elasped: 2:50:09; ETA: 5:02:29; LR: 4.016e-05; cls_loss: 0.0762, cls_loss_aux: 0.0877, mac_loss: 0.1271, mfb_loss: 0.0064, consis_loss: 0.1032, seg_loss: 0.1792...
2023-12-21 04:51:47,362 - dist_train_voc_seg_neg.py - INFO: Iter: 7400; Elasped: 2:57:15; ETA: 5:01:48; LR: 3.959e-05; cls_loss: 0.0642, cls_loss_aux: 0.0758, mac_loss: 0.1267, mfb_loss: 0.0022, consis_loss: 0.0995, seg_loss: 0.1338...
2023-12-21 04:58:52,845 - dist_train_voc_seg_neg.py - INFO: Iter: 7600; Elasped: 3:04:20; ETA: 5:00:45; LR: 3.902e-05; cls_loss: 0.0694, cls_loss_aux: 0.0861, mac_loss: 0.1314, mfb_loss: 0.0138, consis_loss: 0.1052, seg_loss: 0.1362...
2023-12-21 05:05:58,428 - dist_train_voc_seg_neg.py - INFO: Iter: 7800; Elasped: 3:11:26; ETA: 4:59:25; LR: 3.846e-05; cls_loss: 0.0691, cls_loss_aux: 0.0811, mac_loss: 0.1162, mfb_loss: 0.0036, consis_loss: 0.1053, seg_loss: 0.1539...
2023-12-21 05:13:05,370 - dist_train_voc_seg_neg.py - INFO: Iter: 8000; Elasped: 3:18:33; ETA: 4:57:49; LR: 3.789e-05; cls_loss: 0.0707, cls_loss_aux: 0.0835, mac_loss: 0.1123, mfb_loss: 0.0112, consis_loss: 0.1079, seg_loss: 0.1819...
2023-12-21 05:13:05,370 - dist_train_voc_seg_neg.py - INFO: Validating...
2023-12-21 05:20:32,251 - dist_train_voc_seg_neg.py - INFO: val cls score: 0.883694
2023-12-21 05:20:32,252 - dist_train_voc_seg_neg.py - INFO: 
+--------------+--------+---------+----------+
|    Class     |  CAM   | aux_CAM | Seg_Pred |
+==============+========+=========+==========+
| _background_ | 89.110 | 86.540  | 88.181   |
+--------------+--------+---------+----------+
| aeroplane    | 76.350 | 78.417  | 74.864   |
+--------------+--------+---------+----------+
| bicycle      | 38.241 | 38.552  | 34.196   |
+--------------+--------+---------+----------+
| bird         | 81.044 | 67.519  | 79.105   |
+--------------+--------+---------+----------+
| boat         | 66.215 | 62.742  | 62.209   |
+--------------+--------+---------+----------+
| bottle       | 66.584 | 50.471  | 65.552   |
+--------------+--------+---------+----------+
| bus          | 83.402 | 69.422  | 83.458   |
+--------------+--------+---------+----------+
| car          | 82.208 | 68.774  | 79.375   |
+--------------+--------+---------+----------+
| cat          | 77.191 | 57.066  | 80.287   |
+--------------+--------+---------+----------+
| chair        | 35.395 | 31.813  | 21.003   |
+--------------+--------+---------+----------+
| cow          | 79.632 | 70.623  | 68.714   |
+--------------+--------+---------+----------+
| diningtable  | 49.268 | 46.079  | 40.451   |
+--------------+--------+---------+----------+
| dog          | 71.443 | 63.688  | 68.045   |
+--------------+--------+---------+----------+
| horse        | 82.584 | 75.155  | 65.883   |
+--------------+--------+---------+----------+
| motorbike    | 80.265 | 72.229  | 76.849   |
+--------------+--------+---------+----------+
| person       | 75.035 | 68.226  | 72.459   |
+--------------+--------+---------+----------+
| pottedplant  | 55.982 | 57.528  | 46.437   |
+--------------+--------+---------+----------+
| sheep        | 77.304 | 58.818  | 63.789   |
+--------------+--------+---------+----------+
| sofa         | 54.223 | 61.110  | 35.119   |
+--------------+--------+---------+----------+
| train        | 58.210 | 51.945  | 55.493   |
+--------------+--------+---------+----------+
| tvmonitor    | 49.156 | 50.101  | 36.645   |
+--------------+--------+---------+----------+
| mIoU         | 68.040 | 61.277  | 61.815   |
+--------------+--------+---------+----------+
2023-12-21 05:27:38,127 - dist_train_voc_seg_neg.py - INFO: Iter: 8200; Elasped: 3:33:06; ETA: 5:06:39; LR: 3.732e-05; cls_loss: 0.0646, cls_loss_aux: 0.0750, mac_loss: 0.1099, mfb_loss: 0.0023, consis_loss: 0.1028, seg_loss: 0.1406...
2023-12-21 05:34:43,954 - dist_train_voc_seg_neg.py - INFO: Iter: 8400; Elasped: 3:40:11; ETA: 5:04:03; LR: 3.675e-05; cls_loss: 0.0623, cls_loss_aux: 0.0707, mac_loss: 0.1171, mfb_loss: 0.0023, consis_loss: 0.1009, seg_loss: 0.1456...
2023-12-21 05:42:12,346 - dist_train_voc_seg_neg.py - INFO: Iter: 8600; Elasped: 3:47:40; ETA: 5:01:47; LR: 3.618e-05; cls_loss: 0.0653, cls_loss_aux: 0.0779, mac_loss: 0.1314, mfb_loss: 0.0021, consis_loss: 0.1074, seg_loss: 0.1792...
2023-12-21 05:49:29,650 - dist_train_voc_seg_neg.py - INFO: Iter: 8800; Elasped: 3:54:57; ETA: 4:59:01; LR: 3.561e-05; cls_loss: 0.0668, cls_loss_aux: 0.0784, mac_loss: 0.1119, mfb_loss: 0.0024, consis_loss: 0.1073, seg_loss: 0.1450...
2023-12-21 05:56:34,750 - dist_train_voc_seg_neg.py - INFO: Iter: 9000; Elasped: 4:02:02; ETA: 4:55:49; LR: 3.504e-05; cls_loss: 0.0677, cls_loss_aux: 0.0773, mac_loss: 0.1219, mfb_loss: 0.0025, consis_loss: 0.1081, seg_loss: 0.1323...
2023-12-21 06:03:40,202 - dist_train_voc_seg_neg.py - INFO: Iter: 9200; Elasped: 4:09:08; ETA: 4:52:27; LR: 3.446e-05; cls_loss: 0.0701, cls_loss_aux: 0.0814, mac_loss: 0.1258, mfb_loss: 0.0019, consis_loss: 0.0998, seg_loss: 0.1599...
2023-12-21 06:10:44,952 - dist_train_voc_seg_neg.py - INFO: Iter: 9400; Elasped: 4:16:12; ETA: 4:48:54; LR: 3.389e-05; cls_loss: 0.0623, cls_loss_aux: 0.0710, mac_loss: 0.1174, mfb_loss: 0.0083, consis_loss: 0.0988, seg_loss: 0.1494...
2023-12-21 06:17:50,791 - dist_train_voc_seg_neg.py - INFO: Iter: 9600; Elasped: 4:23:18; ETA: 4:45:14; LR: 3.331e-05; cls_loss: 0.0706, cls_loss_aux: 0.0828, mac_loss: 0.1283, mfb_loss: 0.0020, consis_loss: 0.1056, seg_loss: 0.1663...
2023-12-21 06:24:56,410 - dist_train_voc_seg_neg.py - INFO: Iter: 9800; Elasped: 4:30:24; ETA: 4:41:26; LR: 3.273e-05; cls_loss: 0.0646, cls_loss_aux: 0.0760, mac_loss: 0.1276, mfb_loss: 0.0015, consis_loss: 0.1058, seg_loss: 0.1232...
2023-12-21 06:32:01,981 - dist_train_voc_seg_neg.py - INFO: Iter: 10000; Elasped: 4:37:29; ETA: 4:37:29; LR: 3.216e-05; cls_loss: 0.0615, cls_loss_aux: 0.0700, mac_loss: 0.1219, mfb_loss: 0.0022, consis_loss: 0.1007, seg_loss: 0.1284...
2023-12-21 06:32:01,981 - dist_train_voc_seg_neg.py - INFO: Validating...
2023-12-21 06:39:32,643 - dist_train_voc_seg_neg.py - INFO: val cls score: 0.889411
2023-12-21 06:39:32,643 - dist_train_voc_seg_neg.py - INFO: 
+--------------+--------+---------+----------+
|    Class     |  CAM   | aux_CAM | Seg_Pred |
+==============+========+=========+==========+
| _background_ | 89.975 | 87.034  | 89.249   |
+--------------+--------+---------+----------+
| aeroplane    | 78.923 | 77.775  | 78.771   |
+--------------+--------+---------+----------+
| bicycle      | 40.958 | 41.314  | 37.758   |
+--------------+--------+---------+----------+
| bird         | 81.569 | 71.358  | 80.617   |
+--------------+--------+---------+----------+
| boat         | 68.555 | 67.090  | 63.531   |
+--------------+--------+---------+----------+
| bottle       | 69.791 | 51.640  | 66.086   |
+--------------+--------+---------+----------+
| bus          | 84.229 | 74.540  | 82.040   |
+--------------+--------+---------+----------+
| car          | 81.835 | 68.941  | 76.398   |
+--------------+--------+---------+----------+
| cat          | 81.141 | 60.651  | 80.612   |
+--------------+--------+---------+----------+
| chair        | 38.900 | 32.478  | 23.054   |
+--------------+--------+---------+----------+
| cow          | 85.831 | 71.761  | 80.674   |
+--------------+--------+---------+----------+
| diningtable  | 52.243 | 48.051  | 42.954   |
+--------------+--------+---------+----------+
| dog          | 80.961 | 69.643  | 80.365   |
+--------------+--------+---------+----------+
| horse        | 84.367 | 73.717  | 79.422   |
+--------------+--------+---------+----------+
| motorbike    | 81.482 | 70.825  | 78.747   |
+--------------+--------+---------+----------+
| person       | 73.596 | 69.491  | 72.626   |
+--------------+--------+---------+----------+
| pottedplant  | 51.598 | 53.086  | 45.513   |
+--------------+--------+---------+----------+
| sheep        | 85.035 | 57.123  | 81.723   |
+--------------+--------+---------+----------+
| sofa         | 55.573 | 63.297  | 37.300   |
+--------------+--------+---------+----------+
| train        | 61.492 | 53.943  | 60.604   |
+--------------+--------+---------+----------+
| tvmonitor    | 52.518 | 56.633  | 46.298   |
+--------------+--------+---------+----------+
| mIoU         | 70.503 | 62.876  | 65.921   |
+--------------+--------+---------+----------+
2023-12-21 06:46:37,969 - dist_train_voc_seg_neg.py - INFO: Iter: 10200; Elasped: 4:52:05; ETA: 4:40:37; LR: 3.158e-05; cls_loss: 0.0599, cls_loss_aux: 0.0662, mac_loss: 0.1023, mfb_loss: 0.0016, consis_loss: 0.0999, seg_loss: 0.1157...
2023-12-21 06:53:43,309 - dist_train_voc_seg_neg.py - INFO: Iter: 10400; Elasped: 4:59:11; ETA: 4:36:10; LR: 3.100e-05; cls_loss: 0.0643, cls_loss_aux: 0.0740, mac_loss: 0.1172, mfb_loss: 0.0017, consis_loss: 0.0997, seg_loss: 0.1231...
2023-12-21 07:01:16,759 - dist_train_voc_seg_neg.py - INFO: Iter: 10600; Elasped: 5:06:44; ETA: 4:32:00; LR: 3.041e-05; cls_loss: 0.0658, cls_loss_aux: 0.0738, mac_loss: 0.1193, mfb_loss: 0.0018, consis_loss: 0.0942, seg_loss: 0.1399...
2023-12-21 07:08:30,839 - dist_train_voc_seg_neg.py - INFO: Iter: 10800; Elasped: 5:13:58; ETA: 4:27:27; LR: 2.983e-05; cls_loss: 0.0679, cls_loss_aux: 0.0723, mac_loss: 0.1244, mfb_loss: 0.0018, consis_loss: 0.0965, seg_loss: 0.1498...
2023-12-21 07:15:36,147 - dist_train_voc_seg_neg.py - INFO: Iter: 11000; Elasped: 5:21:04; ETA: 4:22:41; LR: 2.925e-05; cls_loss: 0.0554, cls_loss_aux: 0.0609, mac_loss: 0.1171, mfb_loss: 0.0017, consis_loss: 0.0980, seg_loss: 0.1336...
2023-12-21 07:22:41,759 - dist_train_voc_seg_neg.py - INFO: Iter: 11200; Elasped: 5:28:09; ETA: 4:17:49; LR: 2.866e-05; cls_loss: 0.0560, cls_loss_aux: 0.0613, mac_loss: 0.1013, mfb_loss: 0.0020, consis_loss: 0.0943, seg_loss: 0.1272...
2023-12-21 07:29:47,181 - dist_train_voc_seg_neg.py - INFO: Iter: 11400; Elasped: 5:35:15; ETA: 4:12:54; LR: 2.807e-05; cls_loss: 0.0540, cls_loss_aux: 0.0591, mac_loss: 0.1117, mfb_loss: 0.0024, consis_loss: 0.0941, seg_loss: 0.1354...
2023-12-21 07:36:52,352 - dist_train_voc_seg_neg.py - INFO: Iter: 11600; Elasped: 5:42:20; ETA: 4:07:53; LR: 2.749e-05; cls_loss: 0.0592, cls_loss_aux: 0.0642, mac_loss: 0.1213, mfb_loss: 0.0017, consis_loss: 0.0910, seg_loss: 0.1131...
2023-12-21 07:43:57,474 - dist_train_voc_seg_neg.py - INFO: Iter: 11800; Elasped: 5:49:25; ETA: 4:02:48; LR: 2.690e-05; cls_loss: 0.0572, cls_loss_aux: 0.0636, mac_loss: 0.1049, mfb_loss: 0.0021, consis_loss: 0.0888, seg_loss: 0.1285...
2023-12-21 07:51:02,475 - dist_train_voc_seg_neg.py - INFO: Iter: 12000; Elasped: 5:56:30; ETA: 3:57:40; LR: 2.631e-05; cls_loss: 0.0588, cls_loss_aux: 0.0670, mac_loss: 0.1074, mfb_loss: 0.0016, consis_loss: 0.0902, seg_loss: 0.1228...
2023-12-21 07:51:02,475 - dist_train_voc_seg_neg.py - INFO: Validating...
2023-12-21 07:58:32,730 - dist_train_voc_seg_neg.py - INFO: val cls score: 0.904325
2023-12-21 07:58:32,730 - dist_train_voc_seg_neg.py - INFO: 
+--------------+--------+---------+----------+
|    Class     |  CAM   | aux_CAM | Seg_Pred |
+==============+========+=========+==========+
| _background_ | 89.886 | 86.451  | 89.419   |
+--------------+--------+---------+----------+
| aeroplane    | 77.787 | 77.658  | 79.732   |
+--------------+--------+---------+----------+
| bicycle      | 39.932 | 39.595  | 36.317   |
+--------------+--------+---------+----------+
| bird         | 76.944 | 70.202  | 78.844   |
+--------------+--------+---------+----------+
| boat         | 67.134 | 60.594  | 65.328   |
+--------------+--------+---------+----------+
| bottle       | 66.297 | 52.942  | 56.520   |
+--------------+--------+---------+----------+
| bus          | 83.221 | 74.240  | 82.222   |
+--------------+--------+---------+----------+
| car          | 79.715 | 67.264  | 77.623   |
+--------------+--------+---------+----------+
| cat          | 79.426 | 60.900  | 82.980   |
+--------------+--------+---------+----------+
| chair        | 43.658 | 39.445  | 27.689   |
+--------------+--------+---------+----------+
| cow          | 85.000 | 62.480  | 83.532   |
+--------------+--------+---------+----------+
| diningtable  | 49.566 | 50.709  | 41.853   |
+--------------+--------+---------+----------+
| dog          | 85.237 | 70.731  | 82.858   |
+--------------+--------+---------+----------+
| horse        | 84.474 | 72.712  | 82.129   |
+--------------+--------+---------+----------+
| motorbike    | 77.002 | 64.214  | 72.498   |
+--------------+--------+---------+----------+
| person       | 65.707 | 58.744  | 64.779   |
+--------------+--------+---------+----------+
| pottedplant  | 58.935 | 60.437  | 55.176   |
+--------------+--------+---------+----------+
| sheep        | 86.376 | 62.241  | 82.387   |
+--------------+--------+---------+----------+
| sofa         | 58.268 | 55.621  | 43.051   |
+--------------+--------+---------+----------+
| train        | 61.606 | 49.560  | 59.930   |
+--------------+--------+---------+----------+
| tvmonitor    | 63.446 | 58.477  | 60.772   |
+--------------+--------+---------+----------+
| mIoU         | 70.458 | 61.677  | 66.935   |
+--------------+--------+---------+----------+
2023-12-21 08:05:37,622 - dist_train_voc_seg_neg.py - INFO: Iter: 12200; Elasped: 6:11:05; ETA: 3:57:15; LR: 2.571e-05; cls_loss: 0.0571, cls_loss_aux: 0.0615, mac_loss: 0.1015, mfb_loss: 0.0322, consis_loss: 0.0869, seg_loss: 0.0994...
2023-12-21 08:12:42,824 - dist_train_voc_seg_neg.py - INFO: Iter: 12400; Elasped: 6:18:10; ETA: 3:51:46; LR: 2.512e-05; cls_loss: 0.0573, cls_loss_aux: 0.0610, mac_loss: 0.1199, mfb_loss: 0.0044, consis_loss: 0.0941, seg_loss: 0.1184...
2023-12-21 08:20:19,127 - dist_train_voc_seg_neg.py - INFO: Iter: 12600; Elasped: 6:25:47; ETA: 3:46:34; LR: 2.452e-05; cls_loss: 0.0536, cls_loss_aux: 0.0598, mac_loss: 0.1210, mfb_loss: 0.0054, consis_loss: 0.0888, seg_loss: 0.1113...
2023-12-21 08:27:10,580 - dist_train_voc_seg_neg.py - INFO: Iter: 12800; Elasped: 6:32:38; ETA: 3:40:51; LR: 2.393e-05; cls_loss: 0.0542, cls_loss_aux: 0.0571, mac_loss: 0.0995, mfb_loss: 0.0021, consis_loss: 0.0862, seg_loss: 0.1056...
2023-12-21 08:33:52,087 - dist_train_voc_seg_neg.py - INFO: Iter: 13000; Elasped: 6:39:20; ETA: 3:35:01; LR: 2.333e-05; cls_loss: 0.0568, cls_loss_aux: 0.0626, mac_loss: 0.1032, mfb_loss: 0.0018, consis_loss: 0.0848, seg_loss: 0.1266...
2023-12-21 08:40:33,554 - dist_train_voc_seg_neg.py - INFO: Iter: 13200; Elasped: 6:46:01; ETA: 3:29:09; LR: 2.273e-05; cls_loss: 0.0591, cls_loss_aux: 0.0663, mac_loss: 0.1102, mfb_loss: 0.0110, consis_loss: 0.0836, seg_loss: 0.0903...
2023-12-21 08:47:34,571 - dist_train_voc_seg_neg.py - INFO: Iter: 13400; Elasped: 6:53:02; ETA: 3:23:26; LR: 2.212e-05; cls_loss: 0.0493, cls_loss_aux: 0.0525, mac_loss: 0.1050, mfb_loss: 0.0019, consis_loss: 0.0917, seg_loss: 0.1082...
2023-12-21 08:54:39,699 - dist_train_voc_seg_neg.py - INFO: Iter: 13600; Elasped: 7:00:07; ETA: 3:17:42; LR: 2.152e-05; cls_loss: 0.0507, cls_loss_aux: 0.0533, mac_loss: 0.0989, mfb_loss: 0.0052, consis_loss: 0.0865, seg_loss: 0.1008...
2023-12-21 09:01:44,877 - dist_train_voc_seg_neg.py - INFO: Iter: 13800; Elasped: 7:07:12; ETA: 3:11:55; LR: 2.091e-05; cls_loss: 0.0495, cls_loss_aux: 0.0518, mac_loss: 0.1051, mfb_loss: 0.0017, consis_loss: 0.0861, seg_loss: 0.0937...
2023-12-21 09:08:49,773 - dist_train_voc_seg_neg.py - INFO: Iter: 14000; Elasped: 7:14:17; ETA: 3:06:07; LR: 2.031e-05; cls_loss: 0.0480, cls_loss_aux: 0.0505, mac_loss: 0.1131, mfb_loss: 0.0017, consis_loss: 0.0807, seg_loss: 0.0872...
2023-12-21 09:08:49,773 - dist_train_voc_seg_neg.py - INFO: Validating...
2023-12-21 09:16:20,587 - dist_train_voc_seg_neg.py - INFO: val cls score: 0.908545
2023-12-21 09:16:20,587 - dist_train_voc_seg_neg.py - INFO: 
+--------------+--------+---------+----------+
|    Class     |  CAM   | aux_CAM | Seg_Pred |
+==============+========+=========+==========+
| _background_ | 89.945 | 86.985  | 89.944   |
+--------------+--------+---------+----------+
| aeroplane    | 80.232 | 76.050  | 81.272   |
+--------------+--------+---------+----------+
| bicycle      | 40.838 | 38.258  | 36.004   |
+--------------+--------+---------+----------+
| bird         | 78.604 | 62.211  | 78.453   |
+--------------+--------+---------+----------+
| boat         | 69.287 | 61.251  | 65.987   |
+--------------+--------+---------+----------+
| bottle       | 67.967 | 57.952  | 67.437   |
+--------------+--------+---------+----------+
| bus          | 77.422 | 66.292  | 79.854   |
+--------------+--------+---------+----------+
| car          | 80.929 | 67.716  | 80.867   |
+--------------+--------+---------+----------+
| cat          | 83.522 | 68.580  | 86.879   |
+--------------+--------+---------+----------+
| chair        | 39.378 | 35.372  | 20.243   |
+--------------+--------+---------+----------+
| cow          | 86.236 | 68.157  | 83.096   |
+--------------+--------+---------+----------+
| diningtable  | 51.024 | 49.548  | 52.267   |
+--------------+--------+---------+----------+
| dog          | 82.247 | 69.198  | 81.014   |
+--------------+--------+---------+----------+
| horse        | 84.043 | 74.174  | 75.285   |
+--------------+--------+---------+----------+
| motorbike    | 76.711 | 66.695  | 75.237   |
+--------------+--------+---------+----------+
| person       | 65.222 | 64.455  | 66.758   |
+--------------+--------+---------+----------+
| pottedplant  | 61.091 | 59.528  | 51.479   |
+--------------+--------+---------+----------+
| sheep        | 85.948 | 63.692  | 83.653   |
+--------------+--------+---------+----------+
| sofa         | 59.067 | 64.615  | 44.568   |
+--------------+--------+---------+----------+
| train        | 58.930 | 53.374  | 57.995   |
+--------------+--------+---------+----------+
| tvmonitor    | 64.405 | 61.527  | 61.858   |
+--------------+--------+---------+----------+
| mIoU         | 70.621 | 62.649  | 67.626   |
+--------------+--------+---------+----------+
2023-12-21 09:23:25,127 - dist_train_voc_seg_neg.py - INFO: Iter: 14200; Elasped: 7:28:53; ETA: 3:03:20; LR: 1.970e-05; cls_loss: 0.0514, cls_loss_aux: 0.0546, mac_loss: 0.1324, mfb_loss: 0.0017, consis_loss: 0.0848, seg_loss: 0.1210...
2023-12-21 09:30:28,839 - dist_train_voc_seg_neg.py - INFO: Iter: 14400; Elasped: 7:35:56; ETA: 2:57:18; LR: 1.908e-05; cls_loss: 0.0527, cls_loss_aux: 0.0562, mac_loss: 0.1054, mfb_loss: 0.0016, consis_loss: 0.0811, seg_loss: 0.1106...
2023-12-21 09:38:09,180 - dist_train_voc_seg_neg.py - INFO: Iter: 14600; Elasped: 7:43:37; ETA: 2:51:28; LR: 1.847e-05; cls_loss: 0.0494, cls_loss_aux: 0.0518, mac_loss: 0.0879, mfb_loss: 0.0016, consis_loss: 0.0780, seg_loss: 0.1173...
2023-12-21 09:45:13,829 - dist_train_voc_seg_neg.py - INFO: Iter: 14800; Elasped: 7:50:41; ETA: 2:45:22; LR: 1.785e-05; cls_loss: 0.0499, cls_loss_aux: 0.0509, mac_loss: 0.0990, mfb_loss: 0.0016, consis_loss: 0.0812, seg_loss: 0.0870...
2023-12-21 09:52:18,826 - dist_train_voc_seg_neg.py - INFO: Iter: 15000; Elasped: 7:57:46; ETA: 2:39:15; LR: 1.723e-05; cls_loss: 0.0512, cls_loss_aux: 0.0522, mac_loss: 0.1062, mfb_loss: 0.0016, consis_loss: 0.0802, seg_loss: 0.0959...
2023-12-21 09:59:23,851 - dist_train_voc_seg_neg.py - INFO: Iter: 15200; Elasped: 8:04:51; ETA: 2:33:06; LR: 1.661e-05; cls_loss: 0.0517, cls_loss_aux: 0.0526, mac_loss: 0.1077, mfb_loss: 0.0015, consis_loss: 0.0829, seg_loss: 0.1082...
2023-12-21 10:06:28,913 - dist_train_voc_seg_neg.py - INFO: Iter: 15400; Elasped: 8:11:56; ETA: 2:26:56; LR: 1.599e-05; cls_loss: 0.0504, cls_loss_aux: 0.0533, mac_loss: 0.1169, mfb_loss: 0.0040, consis_loss: 0.0806, seg_loss: 0.1332...
2023-12-21 10:13:33,903 - dist_train_voc_seg_neg.py - INFO: Iter: 15600; Elasped: 8:19:01; ETA: 2:20:44; LR: 1.536e-05; cls_loss: 0.0479, cls_loss_aux: 0.0493, mac_loss: 0.0987, mfb_loss: 0.0034, consis_loss: 0.0805, seg_loss: 0.1019...
2023-12-21 10:20:38,669 - dist_train_voc_seg_neg.py - INFO: Iter: 15800; Elasped: 8:26:06; ETA: 2:14:31; LR: 1.473e-05; cls_loss: 0.0485, cls_loss_aux: 0.0505, mac_loss: 0.1103, mfb_loss: 0.0017, consis_loss: 0.0756, seg_loss: 0.0963...
2023-12-21 10:27:44,466 - dist_train_voc_seg_neg.py - INFO: Iter: 16000; Elasped: 8:33:12; ETA: 2:08:18; LR: 1.410e-05; cls_loss: 0.0458, cls_loss_aux: 0.0463, mac_loss: 0.1119, mfb_loss: 0.0014, consis_loss: 0.0773, seg_loss: 0.0912...
2023-12-21 10:27:44,467 - dist_train_voc_seg_neg.py - INFO: Validating...
2023-12-21 10:35:15,287 - dist_train_voc_seg_neg.py - INFO: val cls score: 0.910434
2023-12-21 10:35:15,287 - dist_train_voc_seg_neg.py - INFO: 
+--------------+--------+---------+----------+
|    Class     |  CAM   | aux_CAM | Seg_Pred |
+==============+========+=========+==========+
| _background_ | 90.781 | 87.413  | 90.615   |
+--------------+--------+---------+----------+
| aeroplane    | 81.674 | 76.011  | 81.029   |
+--------------+--------+---------+----------+
| bicycle      | 39.152 | 38.940  | 34.656   |
+--------------+--------+---------+----------+
| bird         | 78.002 | 71.252  | 79.044   |
+--------------+--------+---------+----------+
| boat         | 72.726 | 64.869  | 67.646   |
+--------------+--------+---------+----------+
| bottle       | 70.680 | 58.976  | 68.836   |
+--------------+--------+---------+----------+
| bus          | 79.425 | 67.777  | 81.728   |
+--------------+--------+---------+----------+
| car          | 80.563 | 67.987  | 80.805   |
+--------------+--------+---------+----------+
| cat          | 83.286 | 67.692  | 85.912   |
+--------------+--------+---------+----------+
| chair        | 43.740 | 35.941  | 24.184   |
+--------------+--------+---------+----------+
| cow          | 83.788 | 66.061  | 81.818   |
+--------------+--------+---------+----------+
| diningtable  | 53.758 | 52.368  | 53.371   |
+--------------+--------+---------+----------+
| dog          | 82.468 | 66.993  | 79.874   |
+--------------+--------+---------+----------+
| horse        | 84.163 | 73.279  | 79.367   |
+--------------+--------+---------+----------+
| motorbike    | 78.822 | 66.781  | 76.352   |
+--------------+--------+---------+----------+
| person       | 74.802 | 70.014  | 74.997   |
+--------------+--------+---------+----------+
| pottedplant  | 67.149 | 62.643  | 58.830   |
+--------------+--------+---------+----------+
| sheep        | 85.167 | 60.800  | 83.383   |
+--------------+--------+---------+----------+
| sofa         | 64.852 | 68.125  | 47.202   |
+--------------+--------+---------+----------+
| train        | 58.518 | 50.767  | 57.317   |
+--------------+--------+---------+----------+
| tvmonitor    | 66.925 | 63.853  | 65.021   |
+--------------+--------+---------+----------+
| mIoU         | 72.402 | 63.740  | 69.142   |
+--------------+--------+---------+----------+
2023-12-21 10:42:19,908 - dist_train_voc_seg_neg.py - INFO: Iter: 16200; Elasped: 8:47:47; ETA: 2:03:48; LR: 1.346e-05; cls_loss: 0.0459, cls_loss_aux: 0.0438, mac_loss: 0.0980, mfb_loss: 0.0054, consis_loss: 0.0759, seg_loss: 0.0928...
2023-12-21 10:49:24,546 - dist_train_voc_seg_neg.py - INFO: Iter: 16400; Elasped: 8:54:52; ETA: 1:57:24; LR: 1.282e-05; cls_loss: 0.0433, cls_loss_aux: 0.0428, mac_loss: 0.0970, mfb_loss: 0.0018, consis_loss: 0.0729, seg_loss: 0.0946...
2023-12-21 10:57:09,283 - dist_train_voc_seg_neg.py - INFO: Iter: 16600; Elasped: 9:02:37; ETA: 1:51:08; LR: 1.218e-05; cls_loss: 0.0435, cls_loss_aux: 0.0420, mac_loss: 0.1021, mfb_loss: 0.0018, consis_loss: 0.0811, seg_loss: 0.0916...
2023-12-21 11:04:07,913 - dist_train_voc_seg_neg.py - INFO: Iter: 16800; Elasped: 9:09:35; ETA: 1:44:40; LR: 1.153e-05; cls_loss: 0.0436, cls_loss_aux: 0.0438, mac_loss: 0.0902, mfb_loss: 0.0025, consis_loss: 0.0716, seg_loss: 0.0774...
2023-12-21 11:11:12,555 - dist_train_voc_seg_neg.py - INFO: Iter: 17000; Elasped: 9:16:40; ETA: 1:38:14; LR: 1.088e-05; cls_loss: 0.0465, cls_loss_aux: 0.0457, mac_loss: 0.0993, mfb_loss: 0.0017, consis_loss: 0.0750, seg_loss: 0.1002...
2023-12-21 11:18:16,069 - dist_train_voc_seg_neg.py - INFO: Iter: 17200; Elasped: 9:23:44; ETA: 1:31:46; LR: 1.023e-05; cls_loss: 0.0412, cls_loss_aux: 0.0405, mac_loss: 0.0967, mfb_loss: 0.0017, consis_loss: 0.0721, seg_loss: 0.1081...
2023-12-21 11:25:21,205 - dist_train_voc_seg_neg.py - INFO: Iter: 17400; Elasped: 9:30:49; ETA: 1:25:17; LR: 9.569e-06; cls_loss: 0.0476, cls_loss_aux: 0.0476, mac_loss: 0.0997, mfb_loss: 0.0018, consis_loss: 0.0739, seg_loss: 0.1121...
2023-12-21 11:32:25,864 - dist_train_voc_seg_neg.py - INFO: Iter: 17600; Elasped: 9:37:53; ETA: 1:18:48; LR: 8.904e-06; cls_loss: 0.0433, cls_loss_aux: 0.0437, mac_loss: 0.0953, mfb_loss: 0.0015, consis_loss: 0.0770, seg_loss: 0.0834...
2023-12-21 11:39:30,440 - dist_train_voc_seg_neg.py - INFO: Iter: 17800; Elasped: 9:44:58; ETA: 1:12:17; LR: 8.233e-06; cls_loss: 0.0463, cls_loss_aux: 0.0475, mac_loss: 0.1123, mfb_loss: 0.0016, consis_loss: 0.0730, seg_loss: 0.1186...
2023-12-21 11:46:35,594 - dist_train_voc_seg_neg.py - INFO: Iter: 18000; Elasped: 9:52:03; ETA: 1:05:47; LR: 7.557e-06; cls_loss: 0.0469, cls_loss_aux: 0.0474, mac_loss: 0.1021, mfb_loss: 0.0093, consis_loss: 0.0760, seg_loss: 0.1287...
2023-12-21 11:46:35,594 - dist_train_voc_seg_neg.py - INFO: Validating...
2023-12-21 11:54:04,837 - dist_train_voc_seg_neg.py - INFO: val cls score: 0.913688
2023-12-21 11:54:04,837 - dist_train_voc_seg_neg.py - INFO: 
+--------------+--------+---------+----------+
|    Class     |  CAM   | aux_CAM | Seg_Pred |
+==============+========+=========+==========+
| _background_ | 89.930 | 86.530  | 89.580   |
+--------------+--------+---------+----------+
| aeroplane    | 80.241 | 76.440  | 80.084   |
+--------------+--------+---------+----------+
| bicycle      | 39.361 | 38.850  | 34.731   |
+--------------+--------+---------+----------+
| bird         | 72.332 | 69.759  | 75.152   |
+--------------+--------+---------+----------+
| boat         | 69.154 | 62.884  | 66.761   |
+--------------+--------+---------+----------+
| bottle       | 69.335 | 59.425  | 67.846   |
+--------------+--------+---------+----------+
| bus          | 78.291 | 66.364  | 80.250   |
+--------------+--------+---------+----------+
| car          | 76.814 | 63.980  | 77.442   |
+--------------+--------+---------+----------+
| cat          | 81.001 | 63.618  | 81.616   |
+--------------+--------+---------+----------+
| chair        | 42.571 | 35.806  | 26.690   |
+--------------+--------+---------+----------+
| cow          | 81.781 | 62.600  | 81.387   |
+--------------+--------+---------+----------+
| diningtable  | 55.676 | 50.663  | 53.860   |
+--------------+--------+---------+----------+
| dog          | 81.087 | 66.768  | 78.472   |
+--------------+--------+---------+----------+
| horse        | 82.669 | 71.805  | 78.386   |
+--------------+--------+---------+----------+
| motorbike    | 75.593 | 61.939  | 72.979   |
+--------------+--------+---------+----------+
| person       | 69.041 | 62.470  | 67.252   |
+--------------+--------+---------+----------+
| pottedplant  | 67.190 | 66.026  | 59.150   |
+--------------+--------+---------+----------+
| sheep        | 84.971 | 63.360  | 83.458   |
+--------------+--------+---------+----------+
| sofa         | 63.310 | 64.748  | 48.181   |
+--------------+--------+---------+----------+
| train        | 58.918 | 50.326  | 57.509   |
+--------------+--------+---------+----------+
| tvmonitor    | 64.537 | 59.964  | 62.387   |
+--------------+--------+---------+----------+
| mIoU         | 70.657 | 62.111  | 67.770   |
+--------------+--------+---------+----------+
2023-12-21 12:01:09,724 - dist_train_voc_seg_neg.py - INFO: Iter: 18200; Elasped: 10:06:37; ETA: 0:59:59; LR: 6.874e-06; cls_loss: 0.0414, cls_loss_aux: 0.0405, mac_loss: 0.0904, mfb_loss: 0.0015, consis_loss: 0.0732, seg_loss: 0.0824...
2023-12-21 12:08:14,694 - dist_train_voc_seg_neg.py - INFO: Iter: 18400; Elasped: 10:13:42; ETA: 0:53:21; LR: 6.183e-06; cls_loss: 0.0464, cls_loss_aux: 0.0440, mac_loss: 0.1007, mfb_loss: 0.0015, consis_loss: 0.0717, seg_loss: 0.0858...
2023-12-21 12:15:55,994 - dist_train_voc_seg_neg.py - INFO: Iter: 18600; Elasped: 10:21:23; ETA: 0:46:46; LR: 5.483e-06; cls_loss: 0.0407, cls_loss_aux: 0.0404, mac_loss: 0.0871, mfb_loss: 0.0015, consis_loss: 0.0731, seg_loss: 0.0916...
2023-12-21 12:23:00,599 - dist_train_voc_seg_neg.py - INFO: Iter: 18800; Elasped: 10:28:28; ETA: 0:40:06; LR: 4.773e-06; cls_loss: 0.0404, cls_loss_aux: 0.0389, mac_loss: 0.0870, mfb_loss: 0.0015, consis_loss: 0.0697, seg_loss: 0.0890...
2023-12-21 12:30:05,301 - dist_train_voc_seg_neg.py - INFO: Iter: 19000; Elasped: 10:35:33; ETA: 0:33:27; LR: 4.051e-06; cls_loss: 0.0376, cls_loss_aux: 0.0349, mac_loss: 0.0806, mfb_loss: 0.0020, consis_loss: 0.0671, seg_loss: 0.0778...
2023-12-21 12:37:09,837 - dist_train_voc_seg_neg.py - INFO: Iter: 19200; Elasped: 10:42:37; ETA: 0:26:46; LR: 3.315e-06; cls_loss: 0.0428, cls_loss_aux: 0.0416, mac_loss: 0.0840, mfb_loss: 0.0015, consis_loss: 0.0769, seg_loss: 0.0899...
2023-12-21 12:44:14,119 - dist_train_voc_seg_neg.py - INFO: Iter: 19400; Elasped: 10:49:42; ETA: 0:20:05; LR: 2.560e-06; cls_loss: 0.0350, cls_loss_aux: 0.0335, mac_loss: 0.0887, mfb_loss: 0.0015, consis_loss: 0.0715, seg_loss: 0.0924...
2023-12-21 12:51:18,601 - dist_train_voc_seg_neg.py - INFO: Iter: 19600; Elasped: 10:56:46; ETA: 0:13:24; LR: 1.779e-06; cls_loss: 0.0398, cls_loss_aux: 0.0380, mac_loss: 0.0931, mfb_loss: 0.0015, consis_loss: 0.0719, seg_loss: 0.0769...
2023-12-21 12:58:23,287 - dist_train_voc_seg_neg.py - INFO: Iter: 19800; Elasped: 11:03:51; ETA: 0:06:42; LR: 9.552e-07; cls_loss: 0.0414, cls_loss_aux: 0.0394, mac_loss: 0.1013, mfb_loss: 0.0016, consis_loss: 0.0711, seg_loss: 0.0943...
2023-12-21 13:05:27,030 - dist_train_voc_seg_neg.py - INFO: Iter: 20000; Elasped: 11:10:55; ETA: 0:00:00; LR: 8.077e-09; cls_loss: 0.0390, cls_loss_aux: 0.0384, mac_loss: 0.1088, mfb_loss: 0.0016, consis_loss: 0.0688, seg_loss: 0.0913...
2023-12-21 13:05:27,030 - dist_train_voc_seg_neg.py - INFO: Validating...
2023-12-21 13:12:56,725 - dist_train_voc_seg_neg.py - INFO: val cls score: 0.916387
2023-12-21 13:12:56,726 - dist_train_voc_seg_neg.py - INFO: 
+--------------+--------+---------+----------+
|    Class     |  CAM   | aux_CAM | Seg_Pred |
+==============+========+=========+==========+
| _background_ | 89.716 | 86.746  | 89.477   |
+--------------+--------+---------+----------+
| aeroplane    | 80.679 | 75.880  | 80.974   |
+--------------+--------+---------+----------+
| bicycle      | 39.458 | 37.743  | 34.435   |
+--------------+--------+---------+----------+
| bird         | 77.049 | 71.352  | 77.493   |
+--------------+--------+---------+----------+
| boat         | 71.646 | 62.934  | 67.440   |
+--------------+--------+---------+----------+
| bottle       | 69.302 | 59.896  | 66.445   |
+--------------+--------+---------+----------+
| bus          | 78.420 | 69.081  | 81.795   |
+--------------+--------+---------+----------+
| car          | 78.787 | 66.483  | 78.866   |
+--------------+--------+---------+----------+
| cat          | 79.650 | 63.686  | 82.849   |
+--------------+--------+---------+----------+
| chair        | 42.473 | 36.487  | 30.867   |
+--------------+--------+---------+----------+
| cow          | 80.658 | 65.905  | 82.940   |
+--------------+--------+---------+----------+
| diningtable  | 50.890 | 49.725  | 51.881   |
+--------------+--------+---------+----------+
| dog          | 79.471 | 65.590  | 80.145   |
+--------------+--------+---------+----------+
| horse        | 83.508 | 76.281  | 79.923   |
+--------------+--------+---------+----------+
| motorbike    | 75.939 | 65.433  | 73.618   |
+--------------+--------+---------+----------+
| person       | 63.997 | 60.673  | 62.646   |
+--------------+--------+---------+----------+
| pottedplant  | 65.900 | 63.423  | 55.652   |
+--------------+--------+---------+----------+
| sheep        | 83.688 | 61.307  | 83.033   |
+--------------+--------+---------+----------+
| sofa         | 61.144 | 64.584  | 46.995   |
+--------------+--------+---------+----------+
| train        | 59.766 | 51.782  | 58.633   |
+--------------+--------+---------+----------+
| tvmonitor    | 64.709 | 61.276  | 63.214   |
+--------------+--------+---------+----------+
| mIoU         | 70.326 | 62.679  | 68.063   |
+--------------+--------+---------+----------+
