2023-12-24 15:15:49,724 - dist_train_voc_seg_neg.py - INFO: Pytorch version: 1.8.1+cu111
2023-12-24 15:15:50,891 - dist_train_voc_seg_neg.py - INFO: GPU type: NVIDIA RTX A6000
2023-12-24 15:15:50,892 - dist_train_voc_seg_neg.py - INFO: 
args: Namespace(aux_layer=-3, backbone='vit_base_patch16_224', backend='nccl', betas=(0.9, 0.999), bkg_thre=0.5, cam_scales=(1.0, 0.5, 1.5), ckpt_dir='work_dir_voc/2023-12-24-15-15-49-724371/checkpoints', crop_size=448, data_folder='/home/ttmdawn/fangjingyuan/data/VOC2012/', eval_iters=2000, high_thre=0.7, ignore_index=255, list_folder='/home/ttmdawn/fangjingyuan/ToCo-main/datasets/voc/', local_crop_size=96, local_rank=0, log_iters=200, low_thre=0.25, lr=6e-05, max_iters=20000, momentum=0.9, num_classes=21, num_workers=10, optimizer='PolyWarmupAdamW', pooling='gmp', power=0.9, pred_dir='work_dir_voc/2023-12-24-15-15-49-724371/predictions', pretrained=True, save_ckpt='True', scales=(0.5, 2), seed=0, spg=4, temp=0.5, train_set='train_aug', val_set='val', w_ctc=0.3, w_ptc=0.2, w_reg=0.05, w_seg=0.1, warmup_iters=1500, warmup_lr=1e-06, work_dir='work_dir_voc/2023-12-24-15-15-49-724371', wt_decay=0.01)
2023-12-24 15:15:50,893 - distributed_c10d.py - INFO: Added key: store_based_barrier_key:1 to store for rank: 0
2023-12-24 15:15:50,893 - dist_train_voc_seg_neg.py - INFO: Total gpus: 1, samples per gpu: 4...
2023-12-24 15:15:51,894 - _builder.py - INFO: Loading pretrained weights from url (https://github.com/rwightman/pytorch-image-models/releases/download/v0.1-vitjx/jx_vit_base_p16_224-80ecf9dd.pth)
2023-12-24 15:16:13,018 - dist_train_voc_seg_neg.py - INFO: 
Optimizer: 
PolyWarmupAdamW (
Parameter Group 0
    amsgrad: False
    betas: (0.9, 0.999)
    eps: 1e-08
    lr: 6e-05
    weight_decay: 0.01

Parameter Group 1
    amsgrad: False
    betas: (0.9, 0.999)
    eps: 1e-08
    lr: 6e-05
    weight_decay: 0.01

Parameter Group 2
    amsgrad: False
    betas: (0.9, 0.999)
    eps: 1e-08
    lr: 0.0006000000000000001
    weight_decay: 0.01

Parameter Group 3
    amsgrad: False
    betas: (0.9, 0.999)
    eps: 1e-08
    lr: 0.0006000000000000001
    weight_decay: 0.01
)
2023-12-24 15:19:53,311 - dist_train_voc_seg_neg.py - INFO: Iter: 200; Elasped: 0:04:03; ETA: 6:40:57; LR: 7.960e-06; cls_loss: 0.4277, cls_loss_aux: 6.4113, msptc_loss: 0.5941, mfb_loss: 1.6968, consis_loss: 0.1193, seg_loss: 3.0214...
2023-12-24 15:23:34,073 - dist_train_voc_seg_neg.py - INFO: Iter: 400; Elasped: 0:07:44; ETA: 6:18:56; LR: 1.596e-05; cls_loss: 0.2386, cls_loss_aux: 0.4164, msptc_loss: 0.5754, mfb_loss: 0.7817, consis_loss: 0.1038, seg_loss: 3.0226...
2023-12-24 15:27:14,078 - dist_train_voc_seg_neg.py - INFO: Iter: 600; Elasped: 0:11:24; ETA: 6:08:36; LR: 2.396e-05; cls_loss: 0.2152, cls_loss_aux: 0.2694, msptc_loss: 0.5300, mfb_loss: 0.2389, consis_loss: 0.1135, seg_loss: 3.0127...
2023-12-24 15:30:58,671 - dist_train_voc_seg_neg.py - INFO: Iter: 800; Elasped: 0:15:08; ETA: 6:03:12; LR: 3.196e-05; cls_loss: 0.1872, cls_loss_aux: 0.2264, msptc_loss: 0.5000, mfb_loss: 0.1220, consis_loss: 0.1189, seg_loss: 3.0081...
2023-12-24 15:34:38,976 - dist_train_voc_seg_neg.py - INFO: Iter: 1000; Elasped: 0:18:48; ETA: 5:57:12; LR: 3.996e-05; cls_loss: 0.1485, cls_loss_aux: 0.2062, msptc_loss: 0.4995, mfb_loss: 0.0895, consis_loss: 0.1162, seg_loss: 2.9696...
2023-12-24 15:38:18,983 - dist_train_voc_seg_neg.py - INFO: Iter: 1200; Elasped: 0:22:28; ETA: 5:51:58; LR: 4.796e-05; cls_loss: 0.1247, cls_loss_aux: 0.1896, msptc_loss: 0.4530, mfb_loss: 0.0485, consis_loss: 0.1011, seg_loss: 3.0154...
2023-12-24 15:41:59,886 - dist_train_voc_seg_neg.py - INFO: Iter: 1400; Elasped: 0:26:09; ETA: 5:47:25; LR: 5.596e-05; cls_loss: 0.1077, cls_loss_aux: 0.1827, msptc_loss: 0.3493, mfb_loss: 0.0262, consis_loss: 0.1051, seg_loss: 3.0188...
2023-12-24 15:45:41,321 - dist_train_voc_seg_neg.py - INFO: Iter: 1600; Elasped: 0:29:51; ETA: 5:43:16; LR: 5.566e-05; cls_loss: 0.0946, cls_loss_aux: 0.1617, msptc_loss: 0.2711, mfb_loss: 0.0220, consis_loss: 0.1048, seg_loss: 3.0153...
2023-12-24 15:49:22,374 - dist_train_voc_seg_neg.py - INFO: Iter: 1800; Elasped: 0:33:32; ETA: 5:39:03; LR: 5.512e-05; cls_loss: 0.0985, cls_loss_aux: 0.1795, msptc_loss: 0.2513, mfb_loss: 0.0104, consis_loss: 0.1080, seg_loss: 3.0132...
2023-12-24 15:53:03,305 - dist_train_voc_seg_neg.py - INFO: Iter: 2000; Elasped: 0:37:13; ETA: 5:34:57; LR: 5.457e-05; cls_loss: 0.0908, cls_loss_aux: 0.1585, msptc_loss: 0.2300, mfb_loss: 0.0507, consis_loss: 0.1076, seg_loss: 3.0156...
2023-12-24 15:53:03,306 - dist_train_voc_seg_neg.py - INFO: Validating...
2023-12-24 15:57:10,360 - dist_train_voc_seg_neg.py - INFO: val cls score: 0.855970
2023-12-24 15:57:10,360 - dist_train_voc_seg_neg.py - INFO: 
+--------------+--------+---------+----------+
|    Class     |  CAM   | aux_CAM | Seg_Pred |
+==============+========+=========+==========+
| _background_ | 79.133 | 82.275  | 9.943    |
+--------------+--------+---------+----------+
| aeroplane    | 39.157 | 51.849  | 0        |
+--------------+--------+---------+----------+
| bicycle      | 32.031 | 37.713  | 0.102    |
+--------------+--------+---------+----------+
| bird         | 39.032 | 52.630  | 0.045    |
+--------------+--------+---------+----------+
| boat         | 28.777 | 24.278  | 0.285    |
+--------------+--------+---------+----------+
| bottle       | 50.106 | 43.457  | 0.002    |
+--------------+--------+---------+----------+
| bus          | 77.557 | 76.805  | 0.030    |
+--------------+--------+---------+----------+
| car          | 68.702 | 49.306  | 0        |
+--------------+--------+---------+----------+
| cat          | 77.668 | 48.017  | 0.413    |
+--------------+--------+---------+----------+
| chair        | 26.109 | 24.414  | 0.362    |
+--------------+--------+---------+----------+
| cow          | 77.138 | 73.471  | 0        |
+--------------+--------+---------+----------+
| diningtable  | 49.873 | 49.297  | 0.279    |
+--------------+--------+---------+----------+
| dog          | 79.651 | 75.492  | 2.223    |
+--------------+--------+---------+----------+
| horse        | 73.126 | 76.103  | 0.010    |
+--------------+--------+---------+----------+
| motorbike    | 60.594 | 68.874  | 0.529    |
+--------------+--------+---------+----------+
| person       | 70.665 | 66.987  | 0.540    |
+--------------+--------+---------+----------+
| pottedplant  | 28.742 | 49.200  | 0        |
+--------------+--------+---------+----------+
| sheep        | 73.301 | 77.157  | 0.832    |
+--------------+--------+---------+----------+
| sofa         | 41.330 | 53.061  | 0.084    |
+--------------+--------+---------+----------+
| train        | 50.509 | 57.021  | 0        |
+--------------+--------+---------+----------+
| tvmonitor    | 34.747 | 48.516  | 0.096    |
+--------------+--------+---------+----------+
| mIoU         | 55.140 | 56.473  | 0.751    |
+--------------+--------+---------+----------+
2023-12-24 16:00:47,286 - dist_train_voc_seg_neg.py - INFO: Iter: 2200; Elasped: 0:44:57; ETA: 6:03:41; LR: 5.403e-05; cls_loss: 0.1258, cls_loss_aux: 0.2112, msptc_loss: 0.2848, mfb_loss: 0.0478, consis_loss: 0.1039, seg_loss: 1.4324...
2023-12-24 16:04:24,088 - dist_train_voc_seg_neg.py - INFO: Iter: 2400; Elasped: 0:48:34; ETA: 5:56:09; LR: 5.348e-05; cls_loss: 0.0926, cls_loss_aux: 0.1584, msptc_loss: 0.2084, mfb_loss: 0.0143, consis_loss: 0.1018, seg_loss: 0.4549...
2023-12-24 16:08:00,842 - dist_train_voc_seg_neg.py - INFO: Iter: 2600; Elasped: 0:52:10; ETA: 5:49:06; LR: 5.293e-05; cls_loss: 0.0899, cls_loss_aux: 0.1542, msptc_loss: 0.1941, mfb_loss: 0.0061, consis_loss: 0.1082, seg_loss: 0.3088...
2023-12-24 16:11:39,498 - dist_train_voc_seg_neg.py - INFO: Iter: 2800; Elasped: 0:55:49; ETA: 5:42:52; LR: 5.239e-05; cls_loss: 0.0834, cls_loss_aux: 0.1321, msptc_loss: 0.1482, mfb_loss: 0.0050, consis_loss: 0.0978, seg_loss: 0.2113...
2023-12-24 16:15:17,239 - dist_train_voc_seg_neg.py - INFO: Iter: 3000; Elasped: 0:59:27; ETA: 5:36:53; LR: 5.184e-05; cls_loss: 0.0788, cls_loss_aux: 0.1326, msptc_loss: 0.1577, mfb_loss: 0.0123, consis_loss: 0.0978, seg_loss: 0.2003...
2023-12-24 16:18:55,136 - dist_train_voc_seg_neg.py - INFO: Iter: 3200; Elasped: 1:03:05; ETA: 5:31:11; LR: 5.129e-05; cls_loss: 0.0888, cls_loss_aux: 0.1396, msptc_loss: 0.1623, mfb_loss: 0.0157, consis_loss: 0.0918, seg_loss: 0.2261...
2023-12-24 16:22:32,598 - dist_train_voc_seg_neg.py - INFO: Iter: 3400; Elasped: 1:06:42; ETA: 5:25:39; LR: 5.074e-05; cls_loss: 0.0830, cls_loss_aux: 0.1341, msptc_loss: 0.1600, mfb_loss: 0.0131, consis_loss: 0.0996, seg_loss: 0.1660...
2023-12-24 16:26:10,881 - dist_train_voc_seg_neg.py - INFO: Iter: 3600; Elasped: 1:10:20; ETA: 5:20:24; LR: 5.019e-05; cls_loss: 0.0814, cls_loss_aux: 0.1283, msptc_loss: 0.1707, mfb_loss: 0.0219, consis_loss: 0.0965, seg_loss: 0.2260...
2023-12-24 16:29:48,586 - dist_train_voc_seg_neg.py - INFO: Iter: 3800; Elasped: 1:13:58; ETA: 5:15:19; LR: 4.964e-05; cls_loss: 0.0840, cls_loss_aux: 0.1418, msptc_loss: 0.1613, mfb_loss: 0.0806, consis_loss: 0.1142, seg_loss: 0.2205...
2023-12-24 16:33:25,995 - dist_train_voc_seg_neg.py - INFO: Iter: 4000; Elasped: 1:17:35; ETA: 5:10:20; LR: 4.909e-05; cls_loss: 0.0790, cls_loss_aux: 0.1235, msptc_loss: 0.1445, mfb_loss: 0.0199, consis_loss: 0.0941, seg_loss: 0.1667...
2023-12-24 16:33:25,995 - dist_train_voc_seg_neg.py - INFO: Validating...
2023-12-24 16:37:33,309 - dist_train_voc_seg_neg.py - INFO: val cls score: 0.889783
2023-12-24 16:37:33,309 - dist_train_voc_seg_neg.py - INFO: 
+--------------+--------+---------+----------+
|    Class     |  CAM   | aux_CAM | Seg_Pred |
+==============+========+=========+==========+
| _background_ | 85.577 | 86.548  | 84.432   |
+--------------+--------+---------+----------+
| aeroplane    | 63.037 | 72.969  | 68.007   |
+--------------+--------+---------+----------+
| bicycle      | 40.032 | 45.800  | 37.007   |
+--------------+--------+---------+----------+
| bird         | 64.818 | 74.750  | 62.827   |
+--------------+--------+---------+----------+
| boat         | 35.399 | 35.669  | 31.209   |
+--------------+--------+---------+----------+
| bottle       | 69.315 | 55.877  | 65.483   |
+--------------+--------+---------+----------+
| bus          | 86.434 | 76.713  | 83.215   |
+--------------+--------+---------+----------+
| car          | 81.893 | 71.341  | 78.678   |
+--------------+--------+---------+----------+
| cat          | 86.453 | 78.112  | 84.807   |
+--------------+--------+---------+----------+
| chair        | 33.123 | 38.297  | 19.951   |
+--------------+--------+---------+----------+
| cow          | 82.897 | 73.515  | 76.897   |
+--------------+--------+---------+----------+
| diningtable  | 51.979 | 48.916  | 39.984   |
+--------------+--------+---------+----------+
| dog          | 84.557 | 77.375  | 76.657   |
+--------------+--------+---------+----------+
| horse        | 80.681 | 78.022  | 77.121   |
+--------------+--------+---------+----------+
| motorbike    | 72.069 | 75.715  | 67.880   |
+--------------+--------+---------+----------+
| person       | 50.801 | 50.238  | 49.398   |
+--------------+--------+---------+----------+
| pottedplant  | 53.127 | 51.474  | 30.791   |
+--------------+--------+---------+----------+
| sheep        | 86.613 | 76.415  | 82.790   |
+--------------+--------+---------+----------+
| sofa         | 47.049 | 57.101  | 36.244   |
+--------------+--------+---------+----------+
| train        | 58.222 | 59.187  | 52.295   |
+--------------+--------+---------+----------+
| tvmonitor    | 36.845 | 56.284  | 34.052   |
+--------------+--------+---------+----------+
| mIoU         | 64.330 | 63.825  | 59.034   |
+--------------+--------+---------+----------+
2023-12-24 16:41:10,700 - dist_train_voc_seg_neg.py - INFO: Iter: 4200; Elasped: 1:25:20; ETA: 5:21:00; LR: 4.853e-05; cls_loss: 0.0770, cls_loss_aux: 0.1246, msptc_loss: 0.1441, mfb_loss: 0.0128, consis_loss: 0.0928, seg_loss: 0.1759...
2023-12-24 16:44:47,621 - dist_train_voc_seg_neg.py - INFO: Iter: 4400; Elasped: 1:28:57; ETA: 5:15:22; LR: 4.798e-05; cls_loss: 0.0748, cls_loss_aux: 0.1184, msptc_loss: 0.1318, mfb_loss: 0.0048, consis_loss: 0.0970, seg_loss: 0.1668...
2023-12-24 16:48:24,651 - dist_train_voc_seg_neg.py - INFO: Iter: 4600; Elasped: 1:32:34; ETA: 5:09:53; LR: 4.743e-05; cls_loss: 0.0827, cls_loss_aux: 0.1246, msptc_loss: 0.1509, mfb_loss: 0.0057, consis_loss: 0.1029, seg_loss: 0.1832...
2023-12-24 16:52:01,446 - dist_train_voc_seg_neg.py - INFO: Iter: 4800; Elasped: 1:36:11; ETA: 5:04:34; LR: 4.687e-05; cls_loss: 0.0757, cls_loss_aux: 0.1165, msptc_loss: 0.1518, mfb_loss: 0.0157, consis_loss: 0.0898, seg_loss: 0.1705...
2023-12-24 16:55:38,304 - dist_train_voc_seg_neg.py - INFO: Iter: 5000; Elasped: 1:39:48; ETA: 4:59:24; LR: 4.632e-05; cls_loss: 0.0820, cls_loss_aux: 0.1259, msptc_loss: 0.1278, mfb_loss: 0.0105, consis_loss: 0.0988, seg_loss: 0.2080...
2023-12-24 16:59:14,961 - dist_train_voc_seg_neg.py - INFO: Iter: 5200; Elasped: 1:43:24; ETA: 4:54:17; LR: 4.576e-05; cls_loss: 0.0768, cls_loss_aux: 0.1110, msptc_loss: 0.1397, mfb_loss: 0.0050, consis_loss: 0.0960, seg_loss: 0.1803...
2023-12-24 17:02:53,206 - dist_train_voc_seg_neg.py - INFO: Iter: 5400; Elasped: 1:47:03; ETA: 4:49:25; LR: 4.520e-05; cls_loss: 0.0765, cls_loss_aux: 0.1221, msptc_loss: 0.1321, mfb_loss: 0.0115, consis_loss: 0.0896, seg_loss: 0.1558...
2023-12-24 17:06:32,059 - dist_train_voc_seg_neg.py - INFO: Iter: 5600; Elasped: 1:50:42; ETA: 4:44:39; LR: 4.465e-05; cls_loss: 0.0716, cls_loss_aux: 0.0993, msptc_loss: 0.1256, mfb_loss: 0.0197, consis_loss: 0.0878, seg_loss: 0.1341...
2023-12-24 17:10:10,619 - dist_train_voc_seg_neg.py - INFO: Iter: 5800; Elasped: 1:54:20; ETA: 4:39:55; LR: 4.409e-05; cls_loss: 0.0689, cls_loss_aux: 0.0984, msptc_loss: 0.1313, mfb_loss: 0.0030, consis_loss: 0.0935, seg_loss: 0.1369...
2023-12-24 17:13:49,776 - dist_train_voc_seg_neg.py - INFO: Iter: 6000; Elasped: 1:57:59; ETA: 4:35:17; LR: 4.353e-05; cls_loss: 0.0821, cls_loss_aux: 0.1142, msptc_loss: 0.1283, mfb_loss: 0.0025, consis_loss: 0.0901, seg_loss: 0.1410...
2023-12-24 17:13:49,776 - dist_train_voc_seg_neg.py - INFO: Validating...
2023-12-24 17:17:56,916 - dist_train_voc_seg_neg.py - INFO: val cls score: 0.888743
2023-12-24 17:17:56,917 - dist_train_voc_seg_neg.py - INFO: 
+--------------+--------+---------+----------+
|    Class     |  CAM   | aux_CAM | Seg_Pred |
+==============+========+=========+==========+
| _background_ | 87.032 | 86.040  | 86.538   |
+--------------+--------+---------+----------+
| aeroplane    | 71.237 | 78.061  | 75.306   |
+--------------+--------+---------+----------+
| bicycle      | 44.383 | 42.729  | 38.024   |
+--------------+--------+---------+----------+
| bird         | 75.379 | 78.130  | 77.468   |
+--------------+--------+---------+----------+
| boat         | 36.456 | 47.305  | 33.689   |
+--------------+--------+---------+----------+
| bottle       | 66.225 | 49.360  | 69.256   |
+--------------+--------+---------+----------+
| bus          | 86.406 | 81.496  | 82.398   |
+--------------+--------+---------+----------+
| car          | 79.116 | 63.931  | 75.813   |
+--------------+--------+---------+----------+
| cat          | 84.986 | 79.291  | 78.260   |
+--------------+--------+---------+----------+
| chair        | 38.782 | 37.023  | 28.448   |
+--------------+--------+---------+----------+
| cow          | 76.312 | 66.572  | 74.265   |
+--------------+--------+---------+----------+
| diningtable  | 60.282 | 53.546  | 51.876   |
+--------------+--------+---------+----------+
| dog          | 76.690 | 70.227  | 72.848   |
+--------------+--------+---------+----------+
| horse        | 82.635 | 77.366  | 79.595   |
+--------------+--------+---------+----------+
| motorbike    | 74.415 | 72.638  | 69.555   |
+--------------+--------+---------+----------+
| person       | 50.633 | 44.685  | 50.069   |
+--------------+--------+---------+----------+
| pottedplant  | 50.088 | 54.758  | 42.744   |
+--------------+--------+---------+----------+
| sheep        | 84.205 | 76.937  | 82.505   |
+--------------+--------+---------+----------+
| sofa         | 54.326 | 55.145  | 37.451   |
+--------------+--------+---------+----------+
| train        | 63.438 | 60.559  | 61.587   |
+--------------+--------+---------+----------+
| tvmonitor    | 45.697 | 46.060  | 46.930   |
+--------------+--------+---------+----------+
| mIoU         | 66.130 | 62.946  | 62.601   |
+--------------+--------+---------+----------+
2023-12-24 17:21:34,002 - dist_train_voc_seg_neg.py - INFO: Iter: 6200; Elasped: 2:05:44; ETA: 4:39:51; LR: 4.297e-05; cls_loss: 0.0764, cls_loss_aux: 0.0987, msptc_loss: 0.1149, mfb_loss: 0.0110, consis_loss: 0.0935, seg_loss: 0.1182...
2023-12-24 17:25:11,066 - dist_train_voc_seg_neg.py - INFO: Iter: 6400; Elasped: 2:09:21; ETA: 4:34:52; LR: 4.241e-05; cls_loss: 0.0694, cls_loss_aux: 0.0988, msptc_loss: 0.1168, mfb_loss: 0.0095, consis_loss: 0.0885, seg_loss: 0.1563...
2023-12-24 17:28:48,153 - dist_train_voc_seg_neg.py - INFO: Iter: 6600; Elasped: 2:12:58; ETA: 4:29:57; LR: 4.185e-05; cls_loss: 0.0671, cls_loss_aux: 0.0949, msptc_loss: 0.1085, mfb_loss: 0.0026, consis_loss: 0.0817, seg_loss: 0.1440...
2023-12-24 17:32:24,910 - dist_train_voc_seg_neg.py - INFO: Iter: 6800; Elasped: 2:16:34; ETA: 4:25:06; LR: 4.128e-05; cls_loss: 0.0631, cls_loss_aux: 0.0903, msptc_loss: 0.1099, mfb_loss: 0.0131, consis_loss: 0.0873, seg_loss: 0.1264...
2023-12-24 17:36:01,660 - dist_train_voc_seg_neg.py - INFO: Iter: 7000; Elasped: 2:20:11; ETA: 4:20:20; LR: 4.072e-05; cls_loss: 0.0748, cls_loss_aux: 0.1142, msptc_loss: 0.1272, mfb_loss: 0.0226, consis_loss: 0.0882, seg_loss: 0.1343...
2023-12-24 17:39:38,629 - dist_train_voc_seg_neg.py - INFO: Iter: 7200; Elasped: 2:23:48; ETA: 4:15:38; LR: 4.016e-05; cls_loss: 0.0642, cls_loss_aux: 0.0907, msptc_loss: 0.1192, mfb_loss: 0.0022, consis_loss: 0.0862, seg_loss: 0.1142...
2023-12-24 17:43:15,518 - dist_train_voc_seg_neg.py - INFO: Iter: 7400; Elasped: 2:27:25; ETA: 4:11:00; LR: 3.959e-05; cls_loss: 0.0638, cls_loss_aux: 0.0855, msptc_loss: 0.1045, mfb_loss: 0.0075, consis_loss: 0.0812, seg_loss: 0.1375...
2023-12-24 17:46:52,571 - dist_train_voc_seg_neg.py - INFO: Iter: 7600; Elasped: 2:31:02; ETA: 4:06:25; LR: 3.902e-05; cls_loss: 0.0664, cls_loss_aux: 0.0902, msptc_loss: 0.1157, mfb_loss: 0.0023, consis_loss: 0.0923, seg_loss: 0.1601...
2023-12-24 17:50:29,321 - dist_train_voc_seg_neg.py - INFO: Iter: 7800; Elasped: 2:34:39; ETA: 4:01:53; LR: 3.846e-05; cls_loss: 0.0642, cls_loss_aux: 0.0821, msptc_loss: 0.1018, mfb_loss: 0.0105, consis_loss: 0.0811, seg_loss: 0.1361...
2023-12-24 17:54:08,052 - dist_train_voc_seg_neg.py - INFO: Iter: 8000; Elasped: 2:38:18; ETA: 3:57:27; LR: 3.789e-05; cls_loss: 0.0682, cls_loss_aux: 0.0897, msptc_loss: 0.1048, mfb_loss: 0.0256, consis_loss: 0.0898, seg_loss: 0.1416...
2023-12-24 17:54:08,053 - dist_train_voc_seg_neg.py - INFO: Validating...
2023-12-24 17:58:15,161 - dist_train_voc_seg_neg.py - INFO: val cls score: 0.906477
2023-12-24 17:58:15,161 - dist_train_voc_seg_neg.py - INFO: 
+--------------+--------+---------+----------+
|    Class     |  CAM   | aux_CAM | Seg_Pred |
+==============+========+=========+==========+
| _background_ | 87.700 | 87.321  | 87.010   |
+--------------+--------+---------+----------+
| aeroplane    | 72.458 | 80.093  | 73.445   |
+--------------+--------+---------+----------+
| bicycle      | 41.486 | 43.689  | 37.475   |
+--------------+--------+---------+----------+
| bird         | 55.531 | 66.354  | 55.023   |
+--------------+--------+---------+----------+
| boat         | 54.749 | 55.508  | 51.522   |
+--------------+--------+---------+----------+
| bottle       | 73.507 | 57.630  | 72.132   |
+--------------+--------+---------+----------+
| bus          | 83.668 | 78.793  | 80.697   |
+--------------+--------+---------+----------+
| car          | 77.803 | 68.324  | 74.331   |
+--------------+--------+---------+----------+
| cat          | 82.430 | 77.487  | 81.937   |
+--------------+--------+---------+----------+
| chair        | 42.665 | 39.611  | 30.738   |
+--------------+--------+---------+----------+
| cow          | 81.445 | 72.129  | 76.098   |
+--------------+--------+---------+----------+
| diningtable  | 51.142 | 50.791  | 46.966   |
+--------------+--------+---------+----------+
| dog          | 81.931 | 76.857  | 79.668   |
+--------------+--------+---------+----------+
| horse        | 84.530 | 80.561  | 81.165   |
+--------------+--------+---------+----------+
| motorbike    | 71.499 | 74.009  | 68.365   |
+--------------+--------+---------+----------+
| person       | 51.205 | 53.387  | 49.466   |
+--------------+--------+---------+----------+
| pottedplant  | 64.420 | 58.686  | 56.306   |
+--------------+--------+---------+----------+
| sheep        | 85.919 | 77.750  | 81.986   |
+--------------+--------+---------+----------+
| sofa         | 57.494 | 67.240  | 42.663   |
+--------------+--------+---------+----------+
| train        | 55.185 | 54.548  | 52.389   |
+--------------+--------+---------+----------+
| tvmonitor    | 63.925 | 58.492  | 60.627   |
+--------------+--------+---------+----------+
| mIoU         | 67.652 | 65.679  | 63.810   |
+--------------+--------+---------+----------+
2023-12-24 18:01:51,644 - dist_train_voc_seg_neg.py - INFO: Iter: 8200; Elasped: 2:46:01; ETA: 3:58:54; LR: 3.732e-05; cls_loss: 0.0623, cls_loss_aux: 0.0774, msptc_loss: 0.0909, mfb_loss: 0.0156, consis_loss: 0.0889, seg_loss: 0.1594...
2023-12-24 18:05:28,449 - dist_train_voc_seg_neg.py - INFO: Iter: 8400; Elasped: 2:49:38; ETA: 3:54:15; LR: 3.675e-05; cls_loss: 0.0578, cls_loss_aux: 0.0778, msptc_loss: 0.1070, mfb_loss: 0.0028, consis_loss: 0.0854, seg_loss: 0.1287...
2023-12-24 18:09:05,930 - dist_train_voc_seg_neg.py - INFO: Iter: 8600; Elasped: 2:53:15; ETA: 3:49:39; LR: 3.618e-05; cls_loss: 0.0594, cls_loss_aux: 0.0773, msptc_loss: 0.1162, mfb_loss: 0.0024, consis_loss: 0.0838, seg_loss: 0.1182...
2023-12-24 18:12:44,073 - dist_train_voc_seg_neg.py - INFO: Iter: 8800; Elasped: 2:56:54; ETA: 3:45:08; LR: 3.561e-05; cls_loss: 0.0618, cls_loss_aux: 0.0777, msptc_loss: 0.1084, mfb_loss: 0.0120, consis_loss: 0.0815, seg_loss: 0.1122...
2023-12-24 18:16:20,996 - dist_train_voc_seg_neg.py - INFO: Iter: 9000; Elasped: 3:00:30; ETA: 3:40:36; LR: 3.504e-05; cls_loss: 0.0631, cls_loss_aux: 0.0790, msptc_loss: 0.0989, mfb_loss: 0.0046, consis_loss: 0.0771, seg_loss: 0.1378...
2023-12-24 18:19:57,248 - dist_train_voc_seg_neg.py - INFO: Iter: 9200; Elasped: 3:04:07; ETA: 3:36:08; LR: 3.446e-05; cls_loss: 0.0615, cls_loss_aux: 0.0783, msptc_loss: 0.0942, mfb_loss: 0.0020, consis_loss: 0.0832, seg_loss: 0.1234...
2023-12-24 18:23:33,671 - dist_train_voc_seg_neg.py - INFO: Iter: 9400; Elasped: 3:07:43; ETA: 3:31:40; LR: 3.389e-05; cls_loss: 0.0569, cls_loss_aux: 0.0695, msptc_loss: 0.1164, mfb_loss: 0.0198, consis_loss: 0.0816, seg_loss: 0.1079...
2023-12-24 18:27:09,987 - dist_train_voc_seg_neg.py - INFO: Iter: 9600; Elasped: 3:11:19; ETA: 3:27:15; LR: 3.331e-05; cls_loss: 0.0671, cls_loss_aux: 0.0832, msptc_loss: 0.1055, mfb_loss: 0.0042, consis_loss: 0.0849, seg_loss: 0.1338...
2023-12-24 18:30:46,448 - dist_train_voc_seg_neg.py - INFO: Iter: 9800; Elasped: 3:14:56; ETA: 3:22:53; LR: 3.273e-05; cls_loss: 0.0590, cls_loss_aux: 0.0739, msptc_loss: 0.1062, mfb_loss: 0.0201, consis_loss: 0.0769, seg_loss: 0.1309...
2023-12-24 18:34:23,169 - dist_train_voc_seg_neg.py - INFO: Iter: 10000; Elasped: 3:18:33; ETA: 3:18:33; LR: 3.216e-05; cls_loss: 0.0567, cls_loss_aux: 0.0690, msptc_loss: 0.1010, mfb_loss: 0.0145, consis_loss: 0.0810, seg_loss: 0.0972...
2023-12-24 18:34:23,170 - dist_train_voc_seg_neg.py - INFO: Validating...
2023-12-24 18:38:30,257 - dist_train_voc_seg_neg.py - INFO: val cls score: 0.909368
2023-12-24 18:38:30,257 - dist_train_voc_seg_neg.py - INFO: 
+--------------+--------+---------+----------+
|    Class     |  CAM   | aux_CAM | Seg_Pred |
+==============+========+=========+==========+
| _background_ | 88.366 | 87.562  | 87.829   |
+--------------+--------+---------+----------+
| aeroplane    | 64.606 | 81.098  | 67.293   |
+--------------+--------+---------+----------+
| bicycle      | 44.420 | 44.691  | 38.935   |
+--------------+--------+---------+----------+
| bird         | 62.122 | 70.354  | 60.957   |
+--------------+--------+---------+----------+
| boat         | 52.888 | 50.759  | 53.616   |
+--------------+--------+---------+----------+
| bottle       | 70.732 | 49.847  | 68.436   |
+--------------+--------+---------+----------+
| bus          | 86.286 | 79.489  | 85.490   |
+--------------+--------+---------+----------+
| car          | 78.402 | 64.668  | 76.209   |
+--------------+--------+---------+----------+
| cat          | 83.526 | 76.248  | 83.825   |
+--------------+--------+---------+----------+
| chair        | 49.646 | 43.393  | 36.849   |
+--------------+--------+---------+----------+
| cow          | 83.090 | 74.842  | 77.175   |
+--------------+--------+---------+----------+
| diningtable  | 38.404 | 53.565  | 34.248   |
+--------------+--------+---------+----------+
| dog          | 83.060 | 79.800  | 78.221   |
+--------------+--------+---------+----------+
| horse        | 85.012 | 77.192  | 82.341   |
+--------------+--------+---------+----------+
| motorbike    | 75.580 | 76.606  | 72.591   |
+--------------+--------+---------+----------+
| person       | 46.310 | 47.582  | 43.990   |
+--------------+--------+---------+----------+
| pottedplant  | 65.529 | 57.914  | 52.465   |
+--------------+--------+---------+----------+
| sheep        | 88.260 | 83.415  | 83.744   |
+--------------+--------+---------+----------+
| sofa         | 59.613 | 67.491  | 45.777   |
+--------------+--------+---------+----------+
| train        | 66.835 | 65.156  | 64.461   |
+--------------+--------+---------+----------+
| tvmonitor    | 56.738 | 57.991  | 56.371   |
+--------------+--------+---------+----------+
| mIoU         | 68.068 | 66.174  | 64.325   |
+--------------+--------+---------+----------+
2023-12-24 18:42:08,655 - dist_train_voc_seg_neg.py - INFO: Iter: 10200; Elasped: 3:26:18; ETA: 3:18:12; LR: 3.158e-05; cls_loss: 0.0537, cls_loss_aux: 0.0651, msptc_loss: 0.0976, mfb_loss: 0.0025, consis_loss: 0.0806, seg_loss: 0.1031...
2023-12-24 18:45:47,083 - dist_train_voc_seg_neg.py - INFO: Iter: 10400; Elasped: 3:29:57; ETA: 3:13:48; LR: 3.100e-05; cls_loss: 0.0582, cls_loss_aux: 0.0723, msptc_loss: 0.0839, mfb_loss: 0.0197, consis_loss: 0.0820, seg_loss: 0.1123...
2023-12-24 18:49:25,904 - dist_train_voc_seg_neg.py - INFO: Iter: 10600; Elasped: 3:33:35; ETA: 3:09:24; LR: 3.041e-05; cls_loss: 0.0597, cls_loss_aux: 0.0772, msptc_loss: 0.0785, mfb_loss: 0.0027, consis_loss: 0.0811, seg_loss: 0.1313...
2023-12-24 18:53:02,378 - dist_train_voc_seg_neg.py - INFO: Iter: 10800; Elasped: 3:37:12; ETA: 3:05:01; LR: 2.983e-05; cls_loss: 0.0564, cls_loss_aux: 0.0605, msptc_loss: 0.0916, mfb_loss: 0.0103, consis_loss: 0.0750, seg_loss: 0.0999...
2023-12-24 18:56:40,427 - dist_train_voc_seg_neg.py - INFO: Iter: 11000; Elasped: 3:40:50; ETA: 3:00:40; LR: 2.925e-05; cls_loss: 0.0520, cls_loss_aux: 0.0576, msptc_loss: 0.1013, mfb_loss: 0.0105, consis_loss: 0.0768, seg_loss: 0.0953...
2023-12-24 19:00:18,447 - dist_train_voc_seg_neg.py - INFO: Iter: 11200; Elasped: 3:44:28; ETA: 2:56:22; LR: 2.866e-05; cls_loss: 0.0537, cls_loss_aux: 0.0624, msptc_loss: 0.0929, mfb_loss: 0.0025, consis_loss: 0.0831, seg_loss: 0.1125...
2023-12-24 19:03:56,351 - dist_train_voc_seg_neg.py - INFO: Iter: 11400; Elasped: 3:48:06; ETA: 2:52:04; LR: 2.807e-05; cls_loss: 0.0503, cls_loss_aux: 0.0592, msptc_loss: 0.0966, mfb_loss: 0.0186, consis_loss: 0.0778, seg_loss: 0.1056...
2023-12-24 19:07:34,104 - dist_train_voc_seg_neg.py - INFO: Iter: 11600; Elasped: 3:51:44; ETA: 2:47:48; LR: 2.749e-05; cls_loss: 0.0589, cls_loss_aux: 0.0690, msptc_loss: 0.1064, mfb_loss: 0.0022, consis_loss: 0.0782, seg_loss: 0.1117...
2023-12-24 19:11:11,379 - dist_train_voc_seg_neg.py - INFO: Iter: 11800; Elasped: 3:55:21; ETA: 2:43:32; LR: 2.690e-05; cls_loss: 0.0555, cls_loss_aux: 0.0636, msptc_loss: 0.0930, mfb_loss: 0.0023, consis_loss: 0.0742, seg_loss: 0.1037...
2023-12-24 19:14:48,110 - dist_train_voc_seg_neg.py - INFO: Iter: 12000; Elasped: 3:58:58; ETA: 2:39:18; LR: 2.631e-05; cls_loss: 0.0557, cls_loss_aux: 0.0625, msptc_loss: 0.0920, mfb_loss: 0.0018, consis_loss: 0.0740, seg_loss: 0.0980...
2023-12-24 19:14:48,110 - dist_train_voc_seg_neg.py - INFO: Validating...
2023-12-24 19:18:54,925 - dist_train_voc_seg_neg.py - INFO: val cls score: 0.909517
2023-12-24 19:18:54,926 - dist_train_voc_seg_neg.py - INFO: 
+--------------+--------+---------+----------+
|    Class     |  CAM   | aux_CAM | Seg_Pred |
+==============+========+=========+==========+
| _background_ | 88.434 | 87.149  | 87.711   |
+--------------+--------+---------+----------+
| aeroplane    | 66.475 | 83.103  | 63.337   |
+--------------+--------+---------+----------+
| bicycle      | 45.198 | 42.736  | 38.831   |
+--------------+--------+---------+----------+
| bird         | 65.660 | 71.762  | 66.321   |
+--------------+--------+---------+----------+
| boat         | 55.202 | 52.723  | 58.238   |
+--------------+--------+---------+----------+
| bottle       | 74.811 | 64.216  | 71.911   |
+--------------+--------+---------+----------+
| bus          | 86.710 | 81.630  | 85.193   |
+--------------+--------+---------+----------+
| car          | 79.347 | 65.952  | 78.904   |
+--------------+--------+---------+----------+
| cat          | 82.534 | 75.986  | 81.750   |
+--------------+--------+---------+----------+
| chair        | 53.025 | 44.238  | 37.007   |
+--------------+--------+---------+----------+
| cow          | 83.417 | 71.241  | 81.875   |
+--------------+--------+---------+----------+
| diningtable  | 46.175 | 54.413  | 39.025   |
+--------------+--------+---------+----------+
| dog          | 82.466 | 77.705  | 80.869   |
+--------------+--------+---------+----------+
| horse        | 85.992 | 82.675  | 79.661   |
+--------------+--------+---------+----------+
| motorbike    | 75.780 | 72.657  | 70.782   |
+--------------+--------+---------+----------+
| person       | 47.656 | 45.794  | 44.911   |
+--------------+--------+---------+----------+
| pottedplant  | 61.269 | 46.636  | 53.402   |
+--------------+--------+---------+----------+
| sheep        | 89.212 | 84.311  | 83.574   |
+--------------+--------+---------+----------+
| sofa         | 62.367 | 63.526  | 49.378   |
+--------------+--------+---------+----------+
| train        | 58.744 | 60.199  | 53.474   |
+--------------+--------+---------+----------+
| tvmonitor    | 60.004 | 60.074  | 60.369   |
+--------------+--------+---------+----------+
| mIoU         | 69.070 | 66.130  | 65.073   |
+--------------+--------+---------+----------+
2023-12-24 19:22:32,198 - dist_train_voc_seg_neg.py - INFO: Iter: 12200; Elasped: 4:06:42; ETA: 2:37:43; LR: 2.571e-05; cls_loss: 0.0578, cls_loss_aux: 0.0654, msptc_loss: 0.0907, mfb_loss: 0.0129, consis_loss: 0.0747, seg_loss: 0.1026...
2023-12-24 19:26:09,519 - dist_train_voc_seg_neg.py - INFO: Iter: 12400; Elasped: 4:10:19; ETA: 2:33:25; LR: 2.512e-05; cls_loss: 0.0567, cls_loss_aux: 0.0613, msptc_loss: 0.1023, mfb_loss: 0.0102, consis_loss: 0.0760, seg_loss: 0.1205...
2023-12-24 19:29:45,899 - dist_train_voc_seg_neg.py - INFO: Iter: 12600; Elasped: 4:13:55; ETA: 2:29:07; LR: 2.452e-05; cls_loss: 0.0505, cls_loss_aux: 0.0547, msptc_loss: 0.1014, mfb_loss: 0.0016, consis_loss: 0.0737, seg_loss: 0.1081...
2023-12-24 19:33:21,647 - dist_train_voc_seg_neg.py - INFO: Iter: 12800; Elasped: 4:17:31; ETA: 2:24:51; LR: 2.393e-05; cls_loss: 0.0567, cls_loss_aux: 0.0647, msptc_loss: 0.0932, mfb_loss: 0.0017, consis_loss: 0.0686, seg_loss: 0.1026...
2023-12-24 19:36:57,440 - dist_train_voc_seg_neg.py - INFO: Iter: 13000; Elasped: 4:21:07; ETA: 2:20:36; LR: 2.333e-05; cls_loss: 0.0531, cls_loss_aux: 0.0572, msptc_loss: 0.0978, mfb_loss: 0.0112, consis_loss: 0.0744, seg_loss: 0.1103...
2023-12-24 19:40:33,885 - dist_train_voc_seg_neg.py - INFO: Iter: 13200; Elasped: 4:24:43; ETA: 2:16:22; LR: 2.273e-05; cls_loss: 0.0512, cls_loss_aux: 0.0565, msptc_loss: 0.1100, mfb_loss: 0.0015, consis_loss: 0.0767, seg_loss: 0.0920...
2023-12-24 19:44:13,061 - dist_train_voc_seg_neg.py - INFO: Iter: 13400; Elasped: 4:28:23; ETA: 2:12:11; LR: 2.212e-05; cls_loss: 0.0473, cls_loss_aux: 0.0532, msptc_loss: 0.0844, mfb_loss: 0.0017, consis_loss: 0.0705, seg_loss: 0.1079...
2023-12-24 19:47:51,257 - dist_train_voc_seg_neg.py - INFO: Iter: 13600; Elasped: 4:32:01; ETA: 2:08:00; LR: 2.152e-05; cls_loss: 0.0483, cls_loss_aux: 0.0509, msptc_loss: 0.0875, mfb_loss: 0.0017, consis_loss: 0.0724, seg_loss: 0.0898...
2023-12-24 19:51:29,545 - dist_train_voc_seg_neg.py - INFO: Iter: 13800; Elasped: 4:35:39; ETA: 2:03:50; LR: 2.091e-05; cls_loss: 0.0476, cls_loss_aux: 0.0495, msptc_loss: 0.0936, mfb_loss: 0.0107, consis_loss: 0.0760, seg_loss: 0.0919...
2023-12-24 19:55:07,699 - dist_train_voc_seg_neg.py - INFO: Iter: 14000; Elasped: 4:39:17; ETA: 1:59:41; LR: 2.031e-05; cls_loss: 0.0503, cls_loss_aux: 0.0546, msptc_loss: 0.0841, mfb_loss: 0.0017, consis_loss: 0.0698, seg_loss: 0.1022...
2023-12-24 19:55:07,699 - dist_train_voc_seg_neg.py - INFO: Validating...
2023-12-24 19:59:14,494 - dist_train_voc_seg_neg.py - INFO: val cls score: 0.923912
2023-12-24 19:59:14,495 - dist_train_voc_seg_neg.py - INFO: 
+--------------+--------+---------+----------+
|    Class     |  CAM   | aux_CAM | Seg_Pred |
+==============+========+=========+==========+
| _background_ | 88.352 | 87.237  | 87.961   |
+--------------+--------+---------+----------+
| aeroplane    | 74.316 | 81.941  | 73.843   |
+--------------+--------+---------+----------+
| bicycle      | 42.579 | 43.416  | 38.003   |
+--------------+--------+---------+----------+
| bird         | 74.716 | 71.786  | 75.094   |
+--------------+--------+---------+----------+
| boat         | 65.303 | 62.651  | 61.053   |
+--------------+--------+---------+----------+
| bottle       | 74.742 | 66.796  | 74.340   |
+--------------+--------+---------+----------+
| bus          | 86.519 | 79.131  | 83.524   |
+--------------+--------+---------+----------+
| car          | 80.522 | 67.552  | 78.841   |
+--------------+--------+---------+----------+
| cat          | 81.740 | 77.881  | 83.941   |
+--------------+--------+---------+----------+
| chair        | 52.190 | 42.112  | 39.775   |
+--------------+--------+---------+----------+
| cow          | 83.272 | 71.155  | 83.345   |
+--------------+--------+---------+----------+
| diningtable  | 55.820 | 57.260  | 55.520   |
+--------------+--------+---------+----------+
| dog          | 80.223 | 75.481  | 79.086   |
+--------------+--------+---------+----------+
| horse        | 82.232 | 77.384  | 81.184   |
+--------------+--------+---------+----------+
| motorbike    | 75.012 | 73.775  | 70.159   |
+--------------+--------+---------+----------+
| person       | 33.812 | 41.479  | 31.224   |
+--------------+--------+---------+----------+
| pottedplant  | 63.679 | 51.772  | 59.007   |
+--------------+--------+---------+----------+
| sheep        | 86.990 | 81.800  | 84.525   |
+--------------+--------+---------+----------+
| sofa         | 59.867 | 64.381  | 48.493   |
+--------------+--------+---------+----------+
| train        | 61.587 | 55.275  | 59.226   |
+--------------+--------+---------+----------+
| tvmonitor    | 64.370 | 65.220  | 62.122   |
+--------------+--------+---------+----------+
| mIoU         | 69.897 | 66.452  | 67.156   |
+--------------+--------+---------+----------+
2023-12-24 20:02:52,067 - dist_train_voc_seg_neg.py - INFO: Iter: 14200; Elasped: 4:47:02; ETA: 1:57:14; LR: 1.970e-05; cls_loss: 0.0494, cls_loss_aux: 0.0505, msptc_loss: 0.0896, mfb_loss: 0.0273, consis_loss: 0.0720, seg_loss: 0.1158...
2023-12-24 20:06:29,638 - dist_train_voc_seg_neg.py - INFO: Iter: 14400; Elasped: 4:50:39; ETA: 1:53:01; LR: 1.908e-05; cls_loss: 0.0547, cls_loss_aux: 0.0576, msptc_loss: 0.0944, mfb_loss: 0.0104, consis_loss: 0.0720, seg_loss: 0.1055...
2023-12-24 20:10:06,200 - dist_train_voc_seg_neg.py - INFO: Iter: 14600; Elasped: 4:54:16; ETA: 1:48:50; LR: 1.847e-05; cls_loss: 0.0499, cls_loss_aux: 0.0527, msptc_loss: 0.0747, mfb_loss: 0.0018, consis_loss: 0.0679, seg_loss: 0.0987...
2023-12-24 20:13:42,288 - dist_train_voc_seg_neg.py - INFO: Iter: 14800; Elasped: 4:57:52; ETA: 1:44:39; LR: 1.785e-05; cls_loss: 0.0470, cls_loss_aux: 0.0477, msptc_loss: 0.0870, mfb_loss: 0.0017, consis_loss: 0.0672, seg_loss: 0.0947...
2023-12-24 20:17:19,035 - dist_train_voc_seg_neg.py - INFO: Iter: 15000; Elasped: 5:01:29; ETA: 1:40:29; LR: 1.723e-05; cls_loss: 0.0482, cls_loss_aux: 0.0478, msptc_loss: 0.0957, mfb_loss: 0.0017, consis_loss: 0.0674, seg_loss: 0.0944...
2023-12-24 20:20:56,781 - dist_train_voc_seg_neg.py - INFO: Iter: 15200; Elasped: 5:05:06; ETA: 1:36:20; LR: 1.661e-05; cls_loss: 0.0498, cls_loss_aux: 0.0524, msptc_loss: 0.0838, mfb_loss: 0.0016, consis_loss: 0.0678, seg_loss: 0.1005...
2023-12-24 20:24:34,063 - dist_train_voc_seg_neg.py - INFO: Iter: 15400; Elasped: 5:08:44; ETA: 1:32:13; LR: 1.599e-05; cls_loss: 0.0453, cls_loss_aux: 0.0468, msptc_loss: 0.0867, mfb_loss: 0.0016, consis_loss: 0.0714, seg_loss: 0.0887...
2023-12-24 20:28:12,511 - dist_train_voc_seg_neg.py - INFO: Iter: 15600; Elasped: 5:12:22; ETA: 1:28:06; LR: 1.536e-05; cls_loss: 0.0444, cls_loss_aux: 0.0440, msptc_loss: 0.0847, mfb_loss: 0.0017, consis_loss: 0.0776, seg_loss: 0.0870...
2023-12-24 20:31:50,723 - dist_train_voc_seg_neg.py - INFO: Iter: 15800; Elasped: 5:16:00; ETA: 1:24:00; LR: 1.473e-05; cls_loss: 0.0392, cls_loss_aux: 0.0402, msptc_loss: 0.0812, mfb_loss: 0.0015, consis_loss: 0.0698, seg_loss: 0.0916...
2023-12-24 20:35:30,240 - dist_train_voc_seg_neg.py - INFO: Iter: 16000; Elasped: 5:19:40; ETA: 1:19:55; LR: 1.410e-05; cls_loss: 0.0395, cls_loss_aux: 0.0399, msptc_loss: 0.0760, mfb_loss: 0.0015, consis_loss: 0.0698, seg_loss: 0.0874...
2023-12-24 20:35:30,240 - dist_train_voc_seg_neg.py - INFO: Validating...
2023-12-24 20:39:37,255 - dist_train_voc_seg_neg.py - INFO: val cls score: 0.919049
2023-12-24 20:39:37,255 - dist_train_voc_seg_neg.py - INFO: 
+--------------+--------+---------+----------+
|    Class     |  CAM   | aux_CAM | Seg_Pred |
+==============+========+=========+==========+
| _background_ | 88.902 | 87.219  | 88.456   |
+--------------+--------+---------+----------+
| aeroplane    | 74.835 | 81.681  | 75.519   |
+--------------+--------+---------+----------+
| bicycle      | 44.096 | 42.977  | 38.677   |
+--------------+--------+---------+----------+
| bird         | 66.406 | 68.578  | 66.637   |
+--------------+--------+---------+----------+
| boat         | 63.288 | 64.685  | 61.852   |
+--------------+--------+---------+----------+
| bottle       | 72.089 | 57.443  | 72.290   |
+--------------+--------+---------+----------+
| bus          | 86.802 | 75.460  | 86.029   |
+--------------+--------+---------+----------+
| car          | 79.008 | 66.334  | 77.890   |
+--------------+--------+---------+----------+
| cat          | 82.351 | 74.813  | 82.184   |
+--------------+--------+---------+----------+
| chair        | 53.496 | 46.097  | 38.059   |
+--------------+--------+---------+----------+
| cow          | 86.876 | 78.421  | 86.738   |
+--------------+--------+---------+----------+
| diningtable  | 58.311 | 57.148  | 58.355   |
+--------------+--------+---------+----------+
| dog          | 84.245 | 77.910  | 78.588   |
+--------------+--------+---------+----------+
| horse        | 85.072 | 74.421  | 83.496   |
+--------------+--------+---------+----------+
| motorbike    | 74.050 | 71.573  | 68.928   |
+--------------+--------+---------+----------+
| person       | 43.357 | 44.441  | 39.186   |
+--------------+--------+---------+----------+
| pottedplant  | 66.553 | 54.948  | 62.345   |
+--------------+--------+---------+----------+
| sheep        | 87.835 | 81.278  | 86.470   |
+--------------+--------+---------+----------+
| sofa         | 61.129 | 65.245  | 45.019   |
+--------------+--------+---------+----------+
| train        | 61.593 | 58.449  | 61.070   |
+--------------+--------+---------+----------+
| tvmonitor    | 63.028 | 64.526  | 58.945   |
+--------------+--------+---------+----------+
| mIoU         | 70.634 | 66.364  | 67.463   |
+--------------+--------+---------+----------+
2023-12-24 20:43:13,424 - dist_train_voc_seg_neg.py - INFO: Iter: 16200; Elasped: 5:27:23; ETA: 1:16:47; LR: 1.346e-05; cls_loss: 0.0458, cls_loss_aux: 0.0437, msptc_loss: 0.0815, mfb_loss: 0.0015, consis_loss: 0.0677, seg_loss: 0.0990...
2023-12-24 20:46:49,826 - dist_train_voc_seg_neg.py - INFO: Iter: 16400; Elasped: 5:30:59; ETA: 1:12:39; LR: 1.282e-05; cls_loss: 0.0425, cls_loss_aux: 0.0405, msptc_loss: 0.0753, mfb_loss: 0.0073, consis_loss: 0.0672, seg_loss: 0.0781...
2023-12-24 20:50:25,998 - dist_train_voc_seg_neg.py - INFO: Iter: 16600; Elasped: 5:34:35; ETA: 1:08:31; LR: 1.218e-05; cls_loss: 0.0435, cls_loss_aux: 0.0440, msptc_loss: 0.0795, mfb_loss: 0.0106, consis_loss: 0.0729, seg_loss: 0.0861...
2023-12-24 20:54:01,771 - dist_train_voc_seg_neg.py - INFO: Iter: 16800; Elasped: 5:38:11; ETA: 1:04:24; LR: 1.153e-05; cls_loss: 0.0402, cls_loss_aux: 0.0402, msptc_loss: 0.0898, mfb_loss: 0.0016, consis_loss: 0.0665, seg_loss: 0.0743...
2023-12-24 20:57:37,714 - dist_train_voc_seg_neg.py - INFO: Iter: 17000; Elasped: 5:41:47; ETA: 1:00:18; LR: 1.088e-05; cls_loss: 0.0454, cls_loss_aux: 0.0430, msptc_loss: 0.0734, mfb_loss: 0.0016, consis_loss: 0.0657, seg_loss: 0.0803...
2023-12-24 21:01:13,557 - dist_train_voc_seg_neg.py - INFO: Iter: 17200; Elasped: 5:45:23; ETA: 0:56:13; LR: 1.023e-05; cls_loss: 0.0408, cls_loss_aux: 0.0395, msptc_loss: 0.0937, mfb_loss: 0.0015, consis_loss: 0.0690, seg_loss: 0.0918...
2023-12-24 21:04:49,843 - dist_train_voc_seg_neg.py - INFO: Iter: 17400; Elasped: 5:48:59; ETA: 0:52:08; LR: 9.569e-06; cls_loss: 0.0450, cls_loss_aux: 0.0435, msptc_loss: 0.1008, mfb_loss: 0.0017, consis_loss: 0.0636, seg_loss: 0.0923...
2023-12-24 21:08:25,882 - dist_train_voc_seg_neg.py - INFO: Iter: 17600; Elasped: 5:52:35; ETA: 0:48:04; LR: 8.904e-06; cls_loss: 0.0396, cls_loss_aux: 0.0371, msptc_loss: 0.0857, mfb_loss: 0.0015, consis_loss: 0.0664, seg_loss: 0.0847...
2023-12-24 21:12:01,961 - dist_train_voc_seg_neg.py - INFO: Iter: 17800; Elasped: 5:56:11; ETA: 0:44:01; LR: 8.233e-06; cls_loss: 0.0429, cls_loss_aux: 0.0400, msptc_loss: 0.0790, mfb_loss: 0.0099, consis_loss: 0.0669, seg_loss: 0.0850...
2023-12-24 21:15:38,293 - dist_train_voc_seg_neg.py - INFO: Iter: 18000; Elasped: 5:59:48; ETA: 0:39:58; LR: 7.557e-06; cls_loss: 0.0450, cls_loss_aux: 0.0410, msptc_loss: 0.0871, mfb_loss: 0.0017, consis_loss: 0.0669, seg_loss: 0.0937...
2023-12-24 21:15:38,294 - dist_train_voc_seg_neg.py - INFO: Validating...
2023-12-24 21:19:45,402 - dist_train_voc_seg_neg.py - INFO: val cls score: 0.918071
2023-12-24 21:19:45,403 - dist_train_voc_seg_neg.py - INFO: 
+--------------+--------+---------+----------+
|    Class     |  CAM   | aux_CAM | Seg_Pred |
+==============+========+=========+==========+
| _background_ | 88.848 | 87.464  | 88.538   |
+--------------+--------+---------+----------+
| aeroplane    | 72.182 | 81.876  | 72.626   |
+--------------+--------+---------+----------+
| bicycle      | 45.848 | 44.285  | 34.604   |
+--------------+--------+---------+----------+
| bird         | 66.298 | 69.851  | 66.754   |
+--------------+--------+---------+----------+
| boat         | 60.559 | 65.814  | 60.494   |
+--------------+--------+---------+----------+
| bottle       | 74.589 | 63.967  | 72.075   |
+--------------+--------+---------+----------+
| bus          | 85.443 | 77.096  | 83.658   |
+--------------+--------+---------+----------+
| car          | 79.122 | 66.517  | 78.312   |
+--------------+--------+---------+----------+
| cat          | 85.499 | 78.675  | 86.934   |
+--------------+--------+---------+----------+
| chair        | 52.628 | 45.871  | 37.710   |
+--------------+--------+---------+----------+
| cow          | 85.011 | 69.767  | 85.890   |
+--------------+--------+---------+----------+
| diningtable  | 58.796 | 59.733  | 56.541   |
+--------------+--------+---------+----------+
| dog          | 83.270 | 78.333  | 81.472   |
+--------------+--------+---------+----------+
| horse        | 85.542 | 78.199  | 83.547   |
+--------------+--------+---------+----------+
| motorbike    | 74.785 | 73.035  | 70.750   |
+--------------+--------+---------+----------+
| person       | 44.599 | 43.923  | 39.195   |
+--------------+--------+---------+----------+
| pottedplant  | 66.333 | 54.588  | 65.414   |
+--------------+--------+---------+----------+
| sheep        | 88.639 | 83.447  | 86.910   |
+--------------+--------+---------+----------+
| sofa         | 61.608 | 65.597  | 49.205   |
+--------------+--------+---------+----------+
| train        | 61.468 | 60.918  | 59.556   |
+--------------+--------+---------+----------+
| tvmonitor    | 65.833 | 66.889  | 63.247   |
+--------------+--------+---------+----------+
| mIoU         | 70.805 | 67.421  | 67.783   |
+--------------+--------+---------+----------+
2023-12-24 21:23:21,824 - dist_train_voc_seg_neg.py - INFO: Iter: 18200; Elasped: 6:07:31; ETA: 0:36:20; LR: 6.874e-06; cls_loss: 0.0399, cls_loss_aux: 0.0349, msptc_loss: 0.0756, mfb_loss: 0.0016, consis_loss: 0.0646, seg_loss: 0.0771...
2023-12-24 21:26:58,360 - dist_train_voc_seg_neg.py - INFO: Iter: 18400; Elasped: 6:11:08; ETA: 0:32:16; LR: 6.183e-06; cls_loss: 0.0407, cls_loss_aux: 0.0376, msptc_loss: 0.0961, mfb_loss: 0.0016, consis_loss: 0.0637, seg_loss: 0.0814...
2023-12-24 21:30:37,134 - dist_train_voc_seg_neg.py - INFO: Iter: 18600; Elasped: 6:14:47; ETA: 0:28:12; LR: 5.483e-06; cls_loss: 0.0406, cls_loss_aux: 0.0380, msptc_loss: 0.0769, mfb_loss: 0.0112, consis_loss: 0.0648, seg_loss: 0.0813...
2023-12-24 21:34:15,922 - dist_train_voc_seg_neg.py - INFO: Iter: 18800; Elasped: 6:18:25; ETA: 0:24:09; LR: 4.773e-06; cls_loss: 0.0406, cls_loss_aux: 0.0372, msptc_loss: 0.0795, mfb_loss: 0.0018, consis_loss: 0.0635, seg_loss: 0.0792...
2023-12-24 21:37:52,448 - dist_train_voc_seg_neg.py - INFO: Iter: 19000; Elasped: 6:22:02; ETA: 0:20:06; LR: 4.051e-06; cls_loss: 0.0371, cls_loss_aux: 0.0303, msptc_loss: 0.0827, mfb_loss: 0.0015, consis_loss: 0.0623, seg_loss: 0.0790...
2023-12-24 21:41:30,875 - dist_train_voc_seg_neg.py - INFO: Iter: 19200; Elasped: 6:25:40; ETA: 0:16:04; LR: 3.315e-06; cls_loss: 0.0417, cls_loss_aux: 0.0370, msptc_loss: 0.0810, mfb_loss: 0.0016, consis_loss: 0.0663, seg_loss: 0.0914...
2023-12-24 21:45:08,997 - dist_train_voc_seg_neg.py - INFO: Iter: 19400; Elasped: 6:29:18; ETA: 0:12:02; LR: 2.560e-06; cls_loss: 0.0324, cls_loss_aux: 0.0315, msptc_loss: 0.0864, mfb_loss: 0.0106, consis_loss: 0.0689, seg_loss: 0.0707...
2023-12-24 21:48:47,530 - dist_train_voc_seg_neg.py - INFO: Iter: 19600; Elasped: 6:32:57; ETA: 0:08:01; LR: 1.779e-06; cls_loss: 0.0366, cls_loss_aux: 0.0328, msptc_loss: 0.0729, mfb_loss: 0.0016, consis_loss: 0.0717, seg_loss: 0.0825...
2023-12-24 21:52:26,164 - dist_train_voc_seg_neg.py - INFO: Iter: 19800; Elasped: 6:36:36; ETA: 0:04:00; LR: 9.552e-07; cls_loss: 0.0392, cls_loss_aux: 0.0369, msptc_loss: 0.0719, mfb_loss: 0.0098, consis_loss: 0.0691, seg_loss: 0.0892...
2023-12-24 21:56:04,727 - dist_train_voc_seg_neg.py - INFO: Iter: 20000; Elasped: 6:40:14; ETA: 0:00:00; LR: 8.077e-09; cls_loss: 0.0369, cls_loss_aux: 0.0332, msptc_loss: 0.0854, mfb_loss: 0.0017, consis_loss: 0.0655, seg_loss: 0.0951...
2023-12-24 21:56:04,727 - dist_train_voc_seg_neg.py - INFO: Validating...
2023-12-24 22:00:11,760 - dist_train_voc_seg_neg.py - INFO: val cls score: 0.924941
2023-12-24 22:00:11,760 - dist_train_voc_seg_neg.py - INFO: 
+--------------+--------+---------+----------+
|    Class     |  CAM   | aux_CAM | Seg_Pred |
+==============+========+=========+==========+
| _background_ | 89.263 | 87.855  | 88.948   |
+--------------+--------+---------+----------+
| aeroplane    | 79.067 | 82.782  | 79.183   |
+--------------+--------+---------+----------+
| bicycle      | 45.580 | 45.318  | 39.434   |
+--------------+--------+---------+----------+
| bird         | 72.476 | 71.481  | 73.856   |
+--------------+--------+---------+----------+
| boat         | 63.516 | 64.161  | 63.116   |
+--------------+--------+---------+----------+
| bottle       | 77.016 | 67.043  | 76.832   |
+--------------+--------+---------+----------+
| bus          | 86.580 | 77.587  | 86.306   |
+--------------+--------+---------+----------+
| car          | 78.229 | 64.167  | 78.269   |
+--------------+--------+---------+----------+
| cat          | 84.920 | 78.948  | 86.354   |
+--------------+--------+---------+----------+
| chair        | 53.491 | 46.346  | 38.055   |
+--------------+--------+---------+----------+
| cow          | 84.398 | 73.641  | 85.942   |
+--------------+--------+---------+----------+
| diningtable  | 58.325 | 59.212  | 59.068   |
+--------------+--------+---------+----------+
| dog          | 83.066 | 77.489  | 81.144   |
+--------------+--------+---------+----------+
| horse        | 84.869 | 77.937  | 82.684   |
+--------------+--------+---------+----------+
| motorbike    | 75.769 | 75.410  | 71.849   |
+--------------+--------+---------+----------+
| person       | 43.497 | 45.432  | 39.786   |
+--------------+--------+---------+----------+
| pottedplant  | 68.457 | 57.986  | 67.154   |
+--------------+--------+---------+----------+
| sheep        | 87.182 | 81.510  | 85.698   |
+--------------+--------+---------+----------+
| sofa         | 62.136 | 67.188  | 46.604   |
+--------------+--------+---------+----------+
| train        | 63.028 | 60.727  | 61.085   |
+--------------+--------+---------+----------+
| tvmonitor    | 66.079 | 67.949  | 63.527   |
+--------------+--------+---------+----------+
| mIoU         | 71.759 | 68.103  | 69.281   |
+--------------+--------+---------+----------+
